{"/home/eric/repos/Tractor/src/components/AnimatedCard.tsx": {"path":"/home/eric/repos/Tractor/src/components/AnimatedCard.tsx","statementMap":{"0":{"start":{"line":25,"column":49},"end":{"line":408,"column":1}},"1":{"start":{"line":37,"column":16},"end":{"line":37,"column":41}},"2":{"start":{"line":38,"column":17},"end":{"line":38,"column":39}},"3":{"start":{"line":39,"column":21},"end":{"line":39,"column":38}},"4":{"start":{"line":40,"column":18},"end":{"line":40,"column":35}},"5":{"start":{"line":43,"column":19},"end":{"line":56,"column":3}},"6":{"start":{"line":44,"column":4},"end":{"line":44,"column":34}},"7":{"start":{"line":44,"column":20},"end":{"line":44,"column":34}},"8":{"start":{"line":46,"column":4},"end":{"line":55,"column":5}},"9":{"start":{"line":49,"column":8},"end":{"line":49,"column":25}},"10":{"start":{"line":52,"column":8},"end":{"line":52,"column":25}},"11":{"start":{"line":54,"column":8},"end":{"line":54,"column":22}},"12":{"start":{"line":59,"column":24},"end":{"line":74,"column":3}},"13":{"start":{"line":60,"column":4},"end":{"line":60,"column":70}},"14":{"start":{"line":60,"column":20},"end":{"line":60,"column":70}},"15":{"start":{"line":62,"column":4},"end":{"line":73,"column":5}},"16":{"start":{"line":64,"column":8},"end":{"line":64,"column":19}},"17":{"start":{"line":66,"column":8},"end":{"line":66,"column":19}},"18":{"start":{"line":68,"column":8},"end":{"line":68,"column":19}},"19":{"start":{"line":70,"column":8},"end":{"line":70,"column":19}},"20":{"start":{"line":72,"column":8},"end":{"line":72,"column":18}},"21":{"start":{"line":77,"column":22},"end":{"line":83,"column":3}},"22":{"start":{"line":78,"column":4},"end":{"line":80,"column":5}},"23":{"start":{"line":79,"column":6},"end":{"line":79,"column":72}},"24":{"start":{"line":82,"column":4},"end":{"line":82,"column":27}},"25":{"start":{"line":86,"column":22},"end":{"line":98,"column":3}},"26":{"start":{"line":87,"column":4},"end":{"line":97,"column":5}},"27":{"start":{"line":89,"column":6},"end":{"line":89,"column":24}},"28":{"start":{"line":92,"column":6},"end":{"line":95,"column":8}},"29":{"start":{"line":96,"column":6},"end":{"line":96,"column":21}},"30":{"start":{"line":101,"column":2},"end":{"line":113,"column":56}},"31":{"start":{"line":102,"column":4},"end":{"line":112,"column":5}},"32":{"start":{"line":104,"column":6},"end":{"line":104,"column":71}},"33":{"start":{"line":105,"column":6},"end":{"line":105,"column":67}},"34":{"start":{"line":106,"column":6},"end":{"line":106,"column":24}},"35":{"start":{"line":109,"column":6},"end":{"line":109,"column":57}},"36":{"start":{"line":110,"column":6},"end":{"line":110,"column":60}},"37":{"start":{"line":111,"column":6},"end":{"line":111,"column":24}},"38":{"start":{"line":116,"column":2},"end":{"line":130,"column":48}},"39":{"start":{"line":117,"column":4},"end":{"line":129,"column":5}},"40":{"start":{"line":119,"column":6},"end":{"line":128,"column":16}},"41":{"start":{"line":121,"column":8},"end":{"line":124,"column":11}},"42":{"start":{"line":125,"column":8},"end":{"line":125,"column":55}},"43":{"start":{"line":127,"column":8},"end":{"line":127,"column":26}},"44":{"start":{"line":133,"column":24},"end":{"line":145,"column":4}},"45":{"start":{"line":134,"column":4},"end":{"line":144,"column":6}},"46":{"start":{"line":147,"column":2},"end":{"line":241,"column":3}},"47":{"start":{"line":148,"column":4},"end":{"line":240,"column":6}},"48":{"start":{"line":244,"column":16},"end":{"line":244,"column":23}},"49":{"start":{"line":245,"column":20},"end":{"line":245,"column":29}},"50":{"start":{"line":246,"column":20},"end":{"line":246,"column":21}},"51":{"start":{"line":248,"column":2},"end":{"line":343,"column":3}},"52":{"start":{"line":250,"column":4},"end":{"line":250,"column":59}},"53":{"start":{"line":251,"column":4},"end":{"line":251,"column":63}},"54":{"start":{"line":254,"column":23},"end":{"line":254,"column":67}},"55":{"start":{"line":256,"column":4},"end":{"line":342,"column":6}},"56":{"start":{"line":295,"column":16},"end":{"line":303,"column":23}},"57":{"start":{"line":318,"column":16},"end":{"line":326,"column":23}},"58":{"start":{"line":346,"column":2},"end":{"line":360,"column":3}},"59":{"start":{"line":348,"column":23},"end":{"line":348,"column":40}},"60":{"start":{"line":350,"column":4},"end":{"line":359,"column":5}},"61":{"start":{"line":352,"column":6},"end":{"line":352,"column":26}},"62":{"start":{"line":353,"column":6},"end":{"line":353,"column":30}},"63":{"start":{"line":354,"column":6},"end":{"line":354,"column":24}},"64":{"start":{"line":363,"column":2},"end":{"line":407,"column":4}},"65":{"start":{"line":410,"column":15},"end":{"line":479,"column":2}}},"fnMap":{"0":{"name":"(anonymous_0)","decl":{"start":{"line":25,"column":49},"end":{"line":25,"column":50}},"loc":{"start":{"line":35,"column":6},"end":{"line":408,"column":1}},"line":35},"1":{"name":"(anonymous_1)","decl":{"start":{"line":43,"column":19},"end":{"line":43,"column":20}},"loc":{"start":{"line":43,"column":25},"end":{"line":56,"column":3}},"line":43},"2":{"name":"(anonymous_2)","decl":{"start":{"line":59,"column":24},"end":{"line":59,"column":25}},"loc":{"start":{"line":59,"column":30},"end":{"line":74,"column":3}},"line":59},"3":{"name":"(anonymous_3)","decl":{"start":{"line":77,"column":22},"end":{"line":77,"column":23}},"loc":{"start":{"line":77,"column":28},"end":{"line":83,"column":3}},"line":77},"4":{"name":"(anonymous_4)","decl":{"start":{"line":86,"column":22},"end":{"line":86,"column":23}},"loc":{"start":{"line":86,"column":28},"end":{"line":98,"column":3}},"line":86},"5":{"name":"(anonymous_5)","decl":{"start":{"line":101,"column":12},"end":{"line":101,"column":13}},"loc":{"start":{"line":101,"column":18},"end":{"line":113,"column":3}},"line":101},"6":{"name":"(anonymous_6)","decl":{"start":{"line":116,"column":12},"end":{"line":116,"column":13}},"loc":{"start":{"line":116,"column":18},"end":{"line":130,"column":3}},"line":116},"7":{"name":"(anonymous_7)","decl":{"start":{"line":119,"column":17},"end":{"line":119,"column":18}},"loc":{"start":{"line":119,"column":23},"end":{"line":128,"column":7}},"line":119},"8":{"name":"(anonymous_8)","decl":{"start":{"line":133,"column":41},"end":{"line":133,"column":42}},"loc":{"start":{"line":133,"column":47},"end":{"line":145,"column":3}},"line":133},"9":{"name":"(anonymous_9)","decl":{"start":{"line":294,"column":41},"end":{"line":294,"column":42}},"loc":{"start":{"line":295,"column":16},"end":{"line":303,"column":23}},"line":295},"10":{"name":"(anonymous_10)","decl":{"start":{"line":317,"column":41},"end":{"line":317,"column":42}},"loc":{"start":{"line":318,"column":16},"end":{"line":326,"column":23}},"line":318}},"branchMap":{"0":{"loc":{"start":{"line":29,"column":2},"end":{"line":29,"column":18}},"type":"default-arg","locations":[{"start":{"line":29,"column":13},"end":{"line":29,"column":18}}],"line":29},"1":{"loc":{"start":{"line":30,"column":2},"end":{"line":30,"column":18}},"type":"default-arg","locations":[{"start":{"line":30,"column":13},"end":{"line":30,"column":18}}],"line":30},"2":{"loc":{"start":{"line":31,"column":2},"end":{"line":31,"column":17}},"type":"default-arg","locations":[{"start":{"line":31,"column":12},"end":{"line":31,"column":17}}],"line":31},"3":{"loc":{"start":{"line":32,"column":2},"end":{"line":32,"column":11}},"type":"default-arg","locations":[{"start":{"line":32,"column":10},"end":{"line":32,"column":11}}],"line":32},"4":{"loc":{"start":{"line":33,"column":9},"end":{"line":33,"column":22}},"type":"default-arg","locations":[{"start":{"line":33,"column":21},"end":{"line":33,"column":22}}],"line":33},"5":{"loc":{"start":{"line":34,"column":2},"end":{"line":34,"column":12}},"type":"default-arg","locations":[{"start":{"line":34,"column":10},"end":{"line":34,"column":12}}],"line":34},"6":{"loc":{"start":{"line":44,"column":4},"end":{"line":44,"column":34}},"type":"if","locations":[{"start":{"line":44,"column":4},"end":{"line":44,"column":34}},{"start":{},"end":{}}],"line":44},"7":{"loc":{"start":{"line":46,"column":4},"end":{"line":55,"column":5}},"type":"switch","locations":[{"start":{"line":47,"column":6},"end":{"line":47,"column":23}},{"start":{"line":48,"column":6},"end":{"line":49,"column":25}},{"start":{"line":50,"column":6},"end":{"line":50,"column":22}},{"start":{"line":51,"column":6},"end":{"line":52,"column":25}},{"start":{"line":53,"column":6},"end":{"line":54,"column":22}}],"line":46},"8":{"loc":{"start":{"line":60,"column":4},"end":{"line":60,"column":70}},"type":"if","locations":[{"start":{"line":60,"column":4},"end":{"line":60,"column":70}},{"start":{},"end":{}}],"line":60},"9":{"loc":{"start":{"line":60,"column":27},"end":{"line":60,"column":69}},"type":"cond-expr","locations":[{"start":{"line":60,"column":58},"end":{"line":60,"column":62}},{"start":{"line":60,"column":65},"end":{"line":60,"column":69}}],"line":60},"10":{"loc":{"start":{"line":62,"column":4},"end":{"line":73,"column":5}},"type":"switch","locations":[{"start":{"line":63,"column":6},"end":{"line":64,"column":19}},{"start":{"line":65,"column":6},"end":{"line":66,"column":19}},{"start":{"line":67,"column":6},"end":{"line":68,"column":19}},{"start":{"line":69,"column":6},"end":{"line":70,"column":19}},{"start":{"line":71,"column":6},"end":{"line":72,"column":18}}],"line":62},"11":{"loc":{"start":{"line":78,"column":4},"end":{"line":80,"column":5}},"type":"if","locations":[{"start":{"line":78,"column":4},"end":{"line":80,"column":5}},{"start":{},"end":{}}],"line":78},"12":{"loc":{"start":{"line":79,"column":13},"end":{"line":79,"column":71}},"type":"cond-expr","locations":[{"start":{"line":79,"column":44},"end":{"line":79,"column":55}},{"start":{"line":79,"column":58},"end":{"line":79,"column":71}}],"line":79},"13":{"loc":{"start":{"line":82,"column":11},"end":{"line":82,"column":26}},"type":"binary-expr","locations":[{"start":{"line":82,"column":11},"end":{"line":82,"column":20}},{"start":{"line":82,"column":24},"end":{"line":82,"column":26}}],"line":82},"14":{"loc":{"start":{"line":87,"column":4},"end":{"line":97,"column":5}},"type":"if","locations":[{"start":{"line":87,"column":4},"end":{"line":97,"column":5}},{"start":{},"end":{}}],"line":87},"15":{"loc":{"start":{"line":102,"column":4},"end":{"line":112,"column":5}},"type":"if","locations":[{"start":{"line":102,"column":4},"end":{"line":112,"column":5}},{"start":{"line":107,"column":11},"end":{"line":112,"column":5}}],"line":102},"16":{"loc":{"start":{"line":117,"column":4},"end":{"line":129,"column":5}},"type":"if","locations":[{"start":{"line":117,"column":4},"end":{"line":129,"column":5}},{"start":{},"end":{}}],"line":117},"17":{"loc":{"start":{"line":147,"column":2},"end":{"line":241,"column":3}},"type":"if","locations":[{"start":{"line":147,"column":2},"end":{"line":241,"column":3}},{"start":{},"end":{}}],"line":147},"18":{"loc":{"start":{"line":248,"column":2},"end":{"line":343,"column":3}},"type":"if","locations":[{"start":{"line":248,"column":2},"end":{"line":343,"column":3}},{"start":{},"end":{}}],"line":248},"19":{"loc":{"start":{"line":250,"column":14},"end":{"line":250,"column":58}},"type":"cond-expr","locations":[{"start":{"line":250,"column":37},"end":{"line":250,"column":46}},{"start":{"line":250,"column":49},"end":{"line":250,"column":58}}],"line":250},"20":{"loc":{"start":{"line":251,"column":18},"end":{"line":251,"column":62}},"type":"cond-expr","locations":[{"start":{"line":251,"column":41},"end":{"line":251,"column":50}},{"start":{"line":251,"column":53},"end":{"line":251,"column":62}}],"line":251},"21":{"loc":{"start":{"line":254,"column":23},"end":{"line":254,"column":67}},"type":"cond-expr","locations":[{"start":{"line":254,"column":46},"end":{"line":254,"column":55}},{"start":{"line":254,"column":58},"end":{"line":254,"column":67}}],"line":254},"22":{"loc":{"start":{"line":346,"column":2},"end":{"line":360,"column":3}},"type":"if","locations":[{"start":{"line":346,"column":2},"end":{"line":360,"column":3}},{"start":{},"end":{}}],"line":346},"23":{"loc":{"start":{"line":350,"column":4},"end":{"line":359,"column":5}},"type":"if","locations":[{"start":{"line":350,"column":4},"end":{"line":359,"column":5}},{"start":{"line":355,"column":11},"end":{"line":359,"column":5}}],"line":350}},"s":{"0":0,"1":0,"2":0,"3":0,"4":0,"5":0,"6":0,"7":0,"8":0,"9":0,"10":0,"11":0,"12":0,"13":0,"14":0,"15":0,"16":0,"17":0,"18":0,"19":0,"20":0,"21":0,"22":0,"23":0,"24":0,"25":0,"26":0,"27":0,"28":0,"29":0,"30":0,"31":0,"32":0,"33":0,"34":0,"35":0,"36":0,"37":0,"38":0,"39":0,"40":0,"41":0,"42":0,"43":0,"44":0,"45":0,"46":0,"47":0,"48":0,"49":0,"50":0,"51":0,"52":0,"53":0,"54":0,"55":0,"56":0,"57":0,"58":0,"59":0,"60":0,"61":0,"62":0,"63":0,"64":0,"65":0},"f":{"0":0,"1":0,"2":0,"3":0,"4":0,"5":0,"6":0,"7":0,"8":0,"9":0,"10":0},"b":{"0":[0],"1":[0],"2":[0],"3":[0],"4":[0],"5":[0],"6":[0,0],"7":[0,0,0,0,0],"8":[0,0],"9":[0,0],"10":[0,0,0,0,0],"11":[0,0],"12":[0,0],"13":[0,0],"14":[0,0],"15":[0,0],"16":[0,0],"17":[0,0],"18":[0,0],"19":[0,0],"20":[0,0],"21":[0,0],"22":[0,0],"23":[0,0]}}
,"/home/eric/repos/Tractor/src/components/BasicThemedComponents.tsx": {"path":"/home/eric/repos/Tractor/src/components/BasicThemedComponents.tsx","statementMap":{"0":{"start":{"line":16,"column":22},"end":{"line":16,"column":38}},"1":{"start":{"line":17,"column":16},"end":{"line":19,"column":26}},"2":{"start":{"line":21,"column":20},"end":{"line":29,"column":3}},"3":{"start":{"line":31,"column":2},"end":{"line":31,"column":47}},"4":{"start":{"line":44,"column":22},"end":{"line":44,"column":38}},"5":{"start":{"line":45,"column":26},"end":{"line":47,"column":26}},"6":{"start":{"line":49,"column":2},"end":{"line":49,"column":66}},"7":{"start":{"line":52,"column":15},"end":{"line":73,"column":2}}},"fnMap":{"0":{"name":"ThemedText","decl":{"start":{"line":5,"column":16},"end":{"line":5,"column":26}},"loc":{"start":{"line":15,"column":3},"end":{"line":32,"column":1}},"line":15},"1":{"name":"ThemedView","decl":{"start":{"line":35,"column":16},"end":{"line":35,"column":26}},"loc":{"start":{"line":43,"column":3},"end":{"line":50,"column":1}},"line":43}},"branchMap":{"0":{"loc":{"start":{"line":6,"column":2},"end":{"line":6,"column":15}},"type":"default-arg","locations":[{"start":{"line":6,"column":9},"end":{"line":6,"column":15}}],"line":6},"1":{"loc":{"start":{"line":17,"column":16},"end":{"line":19,"column":26}},"type":"cond-expr","locations":[{"start":{"line":18,"column":6},"end":{"line":18,"column":25}},{"start":{"line":19,"column":6},"end":{"line":19,"column":26}}],"line":17},"2":{"loc":{"start":{"line":18,"column":6},"end":{"line":18,"column":25}},"type":"binary-expr","locations":[{"start":{"line":18,"column":6},"end":{"line":18,"column":15}},{"start":{"line":18,"column":19},"end":{"line":18,"column":25}}],"line":18},"3":{"loc":{"start":{"line":19,"column":6},"end":{"line":19,"column":26}},"type":"binary-expr","locations":[{"start":{"line":19,"column":6},"end":{"line":19,"column":16}},{"start":{"line":19,"column":20},"end":{"line":19,"column":26}}],"line":19},"4":{"loc":{"start":{"line":23,"column":4},"end":{"line":23,"column":36}},"type":"binary-expr","locations":[{"start":{"line":23,"column":4},"end":{"line":23,"column":20}},{"start":{"line":23,"column":24},"end":{"line":23,"column":36}}],"line":23},"5":{"loc":{"start":{"line":24,"column":4},"end":{"line":24,"column":34}},"type":"binary-expr","locations":[{"start":{"line":24,"column":4},"end":{"line":24,"column":19}},{"start":{"line":24,"column":23},"end":{"line":24,"column":34}}],"line":24},"6":{"loc":{"start":{"line":25,"column":4},"end":{"line":25,"column":36}},"type":"binary-expr","locations":[{"start":{"line":25,"column":4},"end":{"line":25,"column":20}},{"start":{"line":25,"column":24},"end":{"line":25,"column":36}}],"line":25},"7":{"loc":{"start":{"line":26,"column":4},"end":{"line":26,"column":40}},"type":"binary-expr","locations":[{"start":{"line":26,"column":4},"end":{"line":26,"column":22}},{"start":{"line":26,"column":26},"end":{"line":26,"column":40}}],"line":26},"8":{"loc":{"start":{"line":45,"column":26},"end":{"line":47,"column":26}},"type":"cond-expr","locations":[{"start":{"line":46,"column":6},"end":{"line":46,"column":25}},{"start":{"line":47,"column":6},"end":{"line":47,"column":26}}],"line":45},"9":{"loc":{"start":{"line":46,"column":6},"end":{"line":46,"column":25}},"type":"binary-expr","locations":[{"start":{"line":46,"column":6},"end":{"line":46,"column":15}},{"start":{"line":46,"column":19},"end":{"line":46,"column":25}}],"line":46},"10":{"loc":{"start":{"line":47,"column":6},"end":{"line":47,"column":26}},"type":"binary-expr","locations":[{"start":{"line":47,"column":6},"end":{"line":47,"column":16}},{"start":{"line":47,"column":20},"end":{"line":47,"column":26}}],"line":47}},"s":{"0":0,"1":0,"2":0,"3":0,"4":0,"5":0,"6":0,"7":0},"f":{"0":0,"1":0},"b":{"0":[0],"1":[0,0],"2":[0,0],"3":[0,0],"4":[0,0],"5":[0,0],"6":[0,0],"7":[0,0],"8":[0,0],"9":[0,0],"10":[0,0]}}
,"/home/eric/repos/Tractor/src/components/CardPlayArea.tsx": {"path":"/home/eric/repos/Tractor/src/components/CardPlayArea.tsx","statementMap":{"0":{"start":{"line":16,"column":50},"end":{"line":283,"column":1}},"1":{"start":{"line":22,"column":2},"end":{"line":30,"column":3}},"2":{"start":{"line":23,"column":4},"end":{"line":29,"column":6}},"3":{"start":{"line":33,"column":24},"end":{"line":36,"column":3}},"4":{"start":{"line":34,"column":19},"end":{"line":34,"column":55}},"5":{"start":{"line":34,"column":37},"end":{"line":34,"column":54}},"6":{"start":{"line":35,"column":4},"end":{"line":35,"column":44}},"7":{"start":{"line":39,"column":20},"end":{"line":41,"column":3}},"8":{"start":{"line":40,"column":4},"end":{"line":40,"column":40}},"9":{"start":{"line":44,"column":28},"end":{"line":51,"column":3}},"10":{"start":{"line":47,"column":4},"end":{"line":47,"column":42}},"11":{"start":{"line":47,"column":28},"end":{"line":47,"column":42}},"12":{"start":{"line":48,"column":4},"end":{"line":48,"column":41}},"13":{"start":{"line":48,"column":28},"end":{"line":48,"column":41}},"14":{"start":{"line":49,"column":4},"end":{"line":49,"column":43}},"15":{"start":{"line":49,"column":28},"end":{"line":49,"column":43}},"16":{"start":{"line":50,"column":4},"end":{"line":50,"column":20}},"17":{"start":{"line":57,"column":39},"end":{"line":57,"column":41}},"18":{"start":{"line":58,"column":40},"end":{"line":58,"column":42}},"19":{"start":{"line":59,"column":41},"end":{"line":59,"column":43}},"20":{"start":{"line":60,"column":42},"end":{"line":60,"column":44}},"21":{"start":{"line":63,"column":21},"end":{"line":63,"column":68}},"22":{"start":{"line":64,"column":2},"end":{"line":70,"column":5}},"23":{"start":{"line":65,"column":29},"end":{"line":65,"column":57}},"24":{"start":{"line":66,"column":4},"end":{"line":66,"column":62}},"25":{"start":{"line":66,"column":30},"end":{"line":66,"column":62}},"26":{"start":{"line":67,"column":4},"end":{"line":67,"column":64}},"27":{"start":{"line":67,"column":31},"end":{"line":67,"column":64}},"28":{"start":{"line":68,"column":4},"end":{"line":68,"column":66}},"29":{"start":{"line":68,"column":32},"end":{"line":68,"column":66}},"30":{"start":{"line":69,"column":4},"end":{"line":69,"column":68}},"31":{"start":{"line":69,"column":33},"end":{"line":69,"column":68}},"32":{"start":{"line":73,"column":2},"end":{"line":85,"column":5}},"33":{"start":{"line":74,"column":16},"end":{"line":74,"column":48}},"34":{"start":{"line":76,"column":21},"end":{"line":76,"column":34}},"35":{"start":{"line":78,"column":4},"end":{"line":84,"column":7}},"36":{"start":{"line":79,"column":31},"end":{"line":79,"column":66}},"37":{"start":{"line":80,"column":6},"end":{"line":80,"column":57}},"38":{"start":{"line":80,"column":25},"end":{"line":80,"column":57}},"39":{"start":{"line":81,"column":6},"end":{"line":81,"column":59}},"40":{"start":{"line":81,"column":26},"end":{"line":81,"column":59}},"41":{"start":{"line":82,"column":6},"end":{"line":82,"column":61}},"42":{"start":{"line":82,"column":27},"end":{"line":82,"column":61}},"43":{"start":{"line":83,"column":6},"end":{"line":83,"column":63}},"44":{"start":{"line":83,"column":28},"end":{"line":83,"column":63}},"45":{"start":{"line":88,"column":2},"end":{"line":88,"column":59}},"46":{"start":{"line":88,"column":26},"end":{"line":88,"column":57}},"47":{"start":{"line":89,"column":2},"end":{"line":89,"column":60}},"48":{"start":{"line":89,"column":27},"end":{"line":89,"column":58}},"49":{"start":{"line":90,"column":2},"end":{"line":90,"column":61}},"50":{"start":{"line":90,"column":28},"end":{"line":90,"column":59}},"51":{"start":{"line":91,"column":2},"end":{"line":91,"column":62}},"52":{"start":{"line":91,"column":29},"end":{"line":91,"column":60}},"53":{"start":{"line":93,"column":2},"end":{"line":282,"column":4}},"54":{"start":{"line":107,"column":14},"end":{"line":132,"column":16}},"55":{"start":{"line":126,"column":50},"end":{"line":126,"column":64}},"56":{"start":{"line":152,"column":16},"end":{"line":177,"column":18}},"57":{"start":{"line":171,"column":52},"end":{"line":171,"column":66}},"58":{"start":{"line":200,"column":16},"end":{"line":225,"column":18}},"59":{"start":{"line":219,"column":52},"end":{"line":219,"column":66}},"60":{"start":{"line":244,"column":14},"end":{"line":269,"column":16}},"61":{"start":{"line":263,"column":50},"end":{"line":263,"column":59}},"62":{"start":{"line":285,"column":15},"end":{"line":434,"column":2}}},"fnMap":{"0":{"name":"(anonymous_0)","decl":{"start":{"line":16,"column":50},"end":{"line":16,"column":51}},"loc":{"start":{"line":21,"column":6},"end":{"line":283,"column":1}},"line":21},"1":{"name":"(anonymous_1)","decl":{"start":{"line":33,"column":24},"end":{"line":33,"column":25}},"loc":{"start":{"line":33,"column":46},"end":{"line":36,"column":3}},"line":33},"2":{"name":"(anonymous_2)","decl":{"start":{"line":34,"column":32},"end":{"line":34,"column":33}},"loc":{"start":{"line":34,"column":37},"end":{"line":34,"column":54}},"line":34},"3":{"name":"(anonymous_3)","decl":{"start":{"line":39,"column":20},"end":{"line":39,"column":21}},"loc":{"start":{"line":39,"column":42},"end":{"line":41,"column":3}},"line":39},"4":{"name":"(anonymous_4)","decl":{"start":{"line":44,"column":28},"end":{"line":44,"column":29}},"loc":{"start":{"line":44,"column":87},"end":{"line":51,"column":3}},"line":44},"5":{"name":"(anonymous_5)","decl":{"start":{"line":64,"column":36},"end":{"line":64,"column":37}},"loc":{"start":{"line":64,"column":44},"end":{"line":70,"column":3}},"line":64},"6":{"name":"(anonymous_6)","decl":{"start":{"line":73,"column":29},"end":{"line":73,"column":30}},"loc":{"start":{"line":73,"column":50},"end":{"line":85,"column":3}},"line":73},"7":{"name":"(anonymous_7)","decl":{"start":{"line":78,"column":23},"end":{"line":78,"column":24}},"loc":{"start":{"line":78,"column":31},"end":{"line":84,"column":5}},"line":78},"8":{"name":"(anonymous_8)","decl":{"start":{"line":88,"column":16},"end":{"line":88,"column":17}},"loc":{"start":{"line":88,"column":26},"end":{"line":88,"column":57}},"line":88},"9":{"name":"(anonymous_9)","decl":{"start":{"line":89,"column":17},"end":{"line":89,"column":18}},"loc":{"start":{"line":89,"column":27},"end":{"line":89,"column":58}},"line":89},"10":{"name":"(anonymous_10)","decl":{"start":{"line":90,"column":18},"end":{"line":90,"column":19}},"loc":{"start":{"line":90,"column":28},"end":{"line":90,"column":59}},"line":90},"11":{"name":"(anonymous_11)","decl":{"start":{"line":91,"column":19},"end":{"line":91,"column":20}},"loc":{"start":{"line":91,"column":29},"end":{"line":91,"column":60}},"line":91},"12":{"name":"(anonymous_12)","decl":{"start":{"line":106,"column":26},"end":{"line":106,"column":27}},"loc":{"start":{"line":107,"column":14},"end":{"line":132,"column":16}},"line":107},"13":{"name":"(anonymous_13)","decl":{"start":{"line":126,"column":45},"end":{"line":126,"column":46}},"loc":{"start":{"line":126,"column":50},"end":{"line":126,"column":64}},"line":126},"14":{"name":"(anonymous_14)","decl":{"start":{"line":151,"column":29},"end":{"line":151,"column":30}},"loc":{"start":{"line":152,"column":16},"end":{"line":177,"column":18}},"line":152},"15":{"name":"(anonymous_15)","decl":{"start":{"line":171,"column":47},"end":{"line":171,"column":48}},"loc":{"start":{"line":171,"column":52},"end":{"line":171,"column":66}},"line":171},"16":{"name":"(anonymous_16)","decl":{"start":{"line":199,"column":30},"end":{"line":199,"column":31}},"loc":{"start":{"line":200,"column":16},"end":{"line":225,"column":18}},"line":200},"17":{"name":"(anonymous_17)","decl":{"start":{"line":219,"column":47},"end":{"line":219,"column":48}},"loc":{"start":{"line":219,"column":52},"end":{"line":219,"column":66}},"line":219},"18":{"name":"(anonymous_18)","decl":{"start":{"line":243,"column":29},"end":{"line":243,"column":30}},"loc":{"start":{"line":244,"column":14},"end":{"line":269,"column":16}},"line":244},"19":{"name":"(anonymous_19)","decl":{"start":{"line":263,"column":45},"end":{"line":263,"column":46}},"loc":{"start":{"line":263,"column":50},"end":{"line":263,"column":59}},"line":263}},"branchMap":{"0":{"loc":{"start":{"line":22,"column":2},"end":{"line":30,"column":3}},"type":"if","locations":[{"start":{"line":22,"column":2},"end":{"line":30,"column":3}},{"start":{},"end":{}}],"line":22},"1":{"loc":{"start":{"line":35,"column":11},"end":{"line":35,"column":43}},"type":"cond-expr","locations":[{"start":{"line":35,"column":20},"end":{"line":35,"column":31}},{"start":{"line":35,"column":34},"end":{"line":35,"column":43}}],"line":35},"2":{"loc":{"start":{"line":47,"column":4},"end":{"line":47,"column":42}},"type":"if","locations":[{"start":{"line":47,"column":4},"end":{"line":47,"column":42}},{"start":{},"end":{}}],"line":47},"3":{"loc":{"start":{"line":48,"column":4},"end":{"line":48,"column":41}},"type":"if","locations":[{"start":{"line":48,"column":4},"end":{"line":48,"column":41}},{"start":{},"end":{}}],"line":48},"4":{"loc":{"start":{"line":49,"column":4},"end":{"line":49,"column":43}},"type":"if","locations":[{"start":{"line":49,"column":4},"end":{"line":49,"column":43}},{"start":{},"end":{}}],"line":49},"5":{"loc":{"start":{"line":66,"column":4},"end":{"line":66,"column":62}},"type":"if","locations":[{"start":{"line":66,"column":4},"end":{"line":66,"column":62}},{"start":{},"end":{}}],"line":66},"6":{"loc":{"start":{"line":67,"column":4},"end":{"line":67,"column":64}},"type":"if","locations":[{"start":{"line":67,"column":4},"end":{"line":67,"column":64}},{"start":{},"end":{}}],"line":67},"7":{"loc":{"start":{"line":68,"column":4},"end":{"line":68,"column":66}},"type":"if","locations":[{"start":{"line":68,"column":4},"end":{"line":68,"column":66}},{"start":{},"end":{}}],"line":68},"8":{"loc":{"start":{"line":69,"column":4},"end":{"line":69,"column":68}},"type":"if","locations":[{"start":{"line":69,"column":4},"end":{"line":69,"column":68}},{"start":{},"end":{}}],"line":69},"9":{"loc":{"start":{"line":80,"column":6},"end":{"line":80,"column":57}},"type":"if","locations":[{"start":{"line":80,"column":6},"end":{"line":80,"column":57}},{"start":{},"end":{}}],"line":80},"10":{"loc":{"start":{"line":81,"column":6},"end":{"line":81,"column":59}},"type":"if","locations":[{"start":{"line":81,"column":6},"end":{"line":81,"column":59}},{"start":{},"end":{}}],"line":81},"11":{"loc":{"start":{"line":82,"column":6},"end":{"line":82,"column":61}},"type":"if","locations":[{"start":{"line":82,"column":6},"end":{"line":82,"column":61}},{"start":{},"end":{}}],"line":82},"12":{"loc":{"start":{"line":83,"column":6},"end":{"line":83,"column":63}},"type":"if","locations":[{"start":{"line":83,"column":6},"end":{"line":83,"column":63}},{"start":{},"end":{}}],"line":83},"13":{"loc":{"start":{"line":97,"column":9},"end":{"line":135,"column":9}},"type":"binary-expr","locations":[{"start":{"line":97,"column":9},"end":{"line":97,"column":28}},{"start":{"line":98,"column":10},"end":{"line":134,"column":17}}],"line":97},"14":{"loc":{"start":{"line":103,"column":18},"end":{"line":103,"column":82}},"type":"binary-expr","locations":[{"start":{"line":103,"column":18},"end":{"line":103,"column":39}},{"start":{"line":103,"column":43},"end":{"line":103,"column":82}}],"line":103},"15":{"loc":{"start":{"line":118,"column":30},"end":{"line":118,"column":49}},"type":"cond-expr","locations":[{"start":{"line":118,"column":42},"end":{"line":118,"column":45}},{"start":{"line":118,"column":48},"end":{"line":118,"column":49}}],"line":118},"16":{"loc":{"start":{"line":122,"column":22},"end":{"line":124,"column":19}},"type":"binary-expr","locations":[{"start":{"line":122,"column":22},"end":{"line":122,"column":47}},{"start":{"line":122,"column":51},"end":{"line":122,"column":62}},{"start":{"line":122,"column":66},"end":{"line":122,"column":85}},{"start":{"line":122,"column":89},"end":{"line":124,"column":19}}],"line":122},"17":{"loc":{"start":{"line":126,"column":22},"end":{"line":130,"column":19}},"type":"binary-expr","locations":[{"start":{"line":126,"column":22},"end":{"line":126,"column":76}},{"start":{"line":126,"column":80},"end":{"line":130,"column":19}}],"line":126},"18":{"loc":{"start":{"line":126,"column":32},"end":{"line":126,"column":75}},"type":"binary-expr","locations":[{"start":{"line":126,"column":32},"end":{"line":126,"column":69}},{"start":{"line":126,"column":73},"end":{"line":126,"column":75}}],"line":126},"19":{"loc":{"start":{"line":142,"column":11},"end":{"line":180,"column":11}},"type":"binary-expr","locations":[{"start":{"line":142,"column":11},"end":{"line":142,"column":31}},{"start":{"line":143,"column":12},"end":{"line":179,"column":19}}],"line":142},"20":{"loc":{"start":{"line":148,"column":20},"end":{"line":148,"column":84}},"type":"binary-expr","locations":[{"start":{"line":148,"column":20},"end":{"line":148,"column":41}},{"start":{"line":148,"column":45},"end":{"line":148,"column":84}}],"line":148},"21":{"loc":{"start":{"line":163,"column":32},"end":{"line":163,"column":51}},"type":"cond-expr","locations":[{"start":{"line":163,"column":44},"end":{"line":163,"column":47}},{"start":{"line":163,"column":50},"end":{"line":163,"column":51}}],"line":163},"22":{"loc":{"start":{"line":167,"column":24},"end":{"line":169,"column":21}},"type":"binary-expr","locations":[{"start":{"line":167,"column":24},"end":{"line":167,"column":49}},{"start":{"line":167,"column":53},"end":{"line":167,"column":64}},{"start":{"line":167,"column":68},"end":{"line":167,"column":88}},{"start":{"line":167,"column":92},"end":{"line":169,"column":21}}],"line":167},"23":{"loc":{"start":{"line":171,"column":24},"end":{"line":175,"column":21}},"type":"binary-expr","locations":[{"start":{"line":171,"column":24},"end":{"line":171,"column":78}},{"start":{"line":171,"column":82},"end":{"line":175,"column":21}}],"line":171},"24":{"loc":{"start":{"line":171,"column":34},"end":{"line":171,"column":77}},"type":"binary-expr","locations":[{"start":{"line":171,"column":34},"end":{"line":171,"column":71}},{"start":{"line":171,"column":75},"end":{"line":171,"column":77}}],"line":171},"25":{"loc":{"start":{"line":190,"column":11},"end":{"line":228,"column":11}},"type":"binary-expr","locations":[{"start":{"line":190,"column":11},"end":{"line":190,"column":32}},{"start":{"line":191,"column":12},"end":{"line":227,"column":19}}],"line":190},"26":{"loc":{"start":{"line":196,"column":20},"end":{"line":196,"column":84}},"type":"binary-expr","locations":[{"start":{"line":196,"column":20},"end":{"line":196,"column":41}},{"start":{"line":196,"column":45},"end":{"line":196,"column":84}}],"line":196},"27":{"loc":{"start":{"line":211,"column":32},"end":{"line":211,"column":51}},"type":"cond-expr","locations":[{"start":{"line":211,"column":44},"end":{"line":211,"column":47}},{"start":{"line":211,"column":50},"end":{"line":211,"column":51}}],"line":211},"28":{"loc":{"start":{"line":215,"column":24},"end":{"line":217,"column":21}},"type":"binary-expr","locations":[{"start":{"line":215,"column":24},"end":{"line":215,"column":49}},{"start":{"line":215,"column":53},"end":{"line":215,"column":64}},{"start":{"line":215,"column":68},"end":{"line":215,"column":89}},{"start":{"line":215,"column":93},"end":{"line":217,"column":21}}],"line":215},"29":{"loc":{"start":{"line":219,"column":24},"end":{"line":223,"column":21}},"type":"binary-expr","locations":[{"start":{"line":219,"column":24},"end":{"line":219,"column":78}},{"start":{"line":219,"column":82},"end":{"line":223,"column":21}}],"line":219},"30":{"loc":{"start":{"line":219,"column":34},"end":{"line":219,"column":77}},"type":"binary-expr","locations":[{"start":{"line":219,"column":34},"end":{"line":219,"column":71}},{"start":{"line":219,"column":75},"end":{"line":219,"column":77}}],"line":219},"31":{"loc":{"start":{"line":234,"column":9},"end":{"line":272,"column":9}},"type":"binary-expr","locations":[{"start":{"line":234,"column":9},"end":{"line":234,"column":31}},{"start":{"line":235,"column":10},"end":{"line":271,"column":17}}],"line":234},"32":{"loc":{"start":{"line":240,"column":18},"end":{"line":240,"column":82}},"type":"binary-expr","locations":[{"start":{"line":240,"column":18},"end":{"line":240,"column":39}},{"start":{"line":240,"column":43},"end":{"line":240,"column":82}}],"line":240},"33":{"loc":{"start":{"line":255,"column":30},"end":{"line":255,"column":49}},"type":"cond-expr","locations":[{"start":{"line":255,"column":42},"end":{"line":255,"column":45}},{"start":{"line":255,"column":48},"end":{"line":255,"column":49}}],"line":255},"34":{"loc":{"start":{"line":259,"column":22},"end":{"line":261,"column":19}},"type":"binary-expr","locations":[{"start":{"line":259,"column":22},"end":{"line":259,"column":47}},{"start":{"line":259,"column":51},"end":{"line":259,"column":62}},{"start":{"line":259,"column":66},"end":{"line":259,"column":88}},{"start":{"line":259,"column":92},"end":{"line":261,"column":19}}],"line":259},"35":{"loc":{"start":{"line":263,"column":22},"end":{"line":267,"column":19}},"type":"binary-expr","locations":[{"start":{"line":263,"column":22},"end":{"line":263,"column":71}},{"start":{"line":263,"column":75},"end":{"line":267,"column":19}}],"line":263},"36":{"loc":{"start":{"line":263,"column":32},"end":{"line":263,"column":70}},"type":"binary-expr","locations":[{"start":{"line":263,"column":32},"end":{"line":263,"column":64}},{"start":{"line":263,"column":68},"end":{"line":263,"column":70}}],"line":263},"37":{"loc":{"start":{"line":276,"column":7},"end":{"line":280,"column":7}},"type":"binary-expr","locations":[{"start":{"line":276,"column":7},"end":{"line":276,"column":23}},{"start":{"line":276,"column":27},"end":{"line":276,"column":44}},{"start":{"line":276,"column":48},"end":{"line":276,"column":66}},{"start":{"line":276,"column":70},"end":{"line":276,"column":89}},{"start":{"line":277,"column":8},"end":{"line":279,"column":15}}],"line":276},"38":{"loc":{"start":{"line":307,"column":8},"end":{"line":311,"column":5}},"type":"binary-expr","locations":[{"start":{"line":307,"column":8},"end":{"line":307,"column":33}},{"start":{"line":307,"column":37},"end":{"line":311,"column":5}}],"line":307},"39":{"loc":{"start":{"line":319,"column":8},"end":{"line":323,"column":5}},"type":"binary-expr","locations":[{"start":{"line":319,"column":8},"end":{"line":319,"column":33}},{"start":{"line":319,"column":37},"end":{"line":323,"column":5}}],"line":319},"40":{"loc":{"start":{"line":357,"column":8},"end":{"line":361,"column":5}},"type":"binary-expr","locations":[{"start":{"line":357,"column":8},"end":{"line":357,"column":33}},{"start":{"line":357,"column":37},"end":{"line":361,"column":5}}],"line":357},"41":{"loc":{"start":{"line":379,"column":8},"end":{"line":388,"column":5}},"type":"cond-expr","locations":[{"start":{"line":379,"column":32},"end":{"line":383,"column":5}},{"start":{"line":383,"column":8},"end":{"line":388,"column":5}}],"line":379}},"s":{"0":0,"1":0,"2":0,"3":0,"4":0,"5":0,"6":0,"7":0,"8":0,"9":0,"10":0,"11":0,"12":0,"13":0,"14":0,"15":0,"16":0,"17":0,"18":0,"19":0,"20":0,"21":0,"22":0,"23":0,"24":0,"25":0,"26":0,"27":0,"28":0,"29":0,"30":0,"31":0,"32":0,"33":0,"34":0,"35":0,"36":0,"37":0,"38":0,"39":0,"40":0,"41":0,"42":0,"43":0,"44":0,"45":0,"46":0,"47":0,"48":0,"49":0,"50":0,"51":0,"52":0,"53":0,"54":0,"55":0,"56":0,"57":0,"58":0,"59":0,"60":0,"61":0,"62":0},"f":{"0":0,"1":0,"2":0,"3":0,"4":0,"5":0,"6":0,"7":0,"8":0,"9":0,"10":0,"11":0,"12":0,"13":0,"14":0,"15":0,"16":0,"17":0,"18":0,"19":0},"b":{"0":[0,0],"1":[0,0],"2":[0,0],"3":[0,0],"4":[0,0],"5":[0,0],"6":[0,0],"7":[0,0],"8":[0,0],"9":[0,0],"10":[0,0],"11":[0,0],"12":[0,0],"13":[0,0],"14":[0,0],"15":[0,0],"16":[0,0,0,0],"17":[0,0],"18":[0,0],"19":[0,0],"20":[0,0],"21":[0,0],"22":[0,0,0,0],"23":[0,0],"24":[0,0],"25":[0,0],"26":[0,0],"27":[0,0],"28":[0,0,0,0],"29":[0,0],"30":[0,0],"31":[0,0],"32":[0,0],"33":[0,0],"34":[0,0,0,0],"35":[0,0],"36":[0,0],"37":[0,0,0,0,0],"38":[0,0],"39":[0,0],"40":[0,0],"41":[0,0]}}
,"/home/eric/repos/Tractor/src/components/GameStatus.tsx": {"path":"/home/eric/repos/Tractor/src/components/GameStatus.tsx","statementMap":{"0":{"start":{"line":12,"column":46},"end":{"line":146,"column":1}},"1":{"start":{"line":19,"column":25},"end":{"line":19,"column":62}},"2":{"start":{"line":20,"column":25},"end":{"line":20,"column":62}},"3":{"start":{"line":23,"column":2},"end":{"line":37,"column":30}},"4":{"start":{"line":24,"column":4},"end":{"line":36,"column":15}},"5":{"start":{"line":39,"column":2},"end":{"line":53,"column":34}},"6":{"start":{"line":40,"column":4},"end":{"line":52,"column":15}},"7":{"start":{"line":56,"column":21},"end":{"line":59,"column":4}},"8":{"start":{"line":61,"column":21},"end":{"line":64,"column":4}},"9":{"start":{"line":66,"column":2},"end":{"line":145,"column":4}},"10":{"start":{"line":93,"column":10},"end":{"line":141,"column":26}},"11":{"start":{"line":148,"column":15},"end":{"line":334,"column":2}}},"fnMap":{"0":{"name":"(anonymous_0)","decl":{"start":{"line":12,"column":46},"end":{"line":12,"column":47}},"loc":{"start":{"line":17,"column":6},"end":{"line":146,"column":1}},"line":17},"1":{"name":"(anonymous_1)","decl":{"start":{"line":23,"column":12},"end":{"line":23,"column":13}},"loc":{"start":{"line":23,"column":18},"end":{"line":37,"column":3}},"line":23},"2":{"name":"(anonymous_2)","decl":{"start":{"line":39,"column":12},"end":{"line":39,"column":13}},"loc":{"start":{"line":39,"column":18},"end":{"line":53,"column":3}},"line":39},"3":{"name":"(anonymous_3)","decl":{"start":{"line":92,"column":19},"end":{"line":92,"column":20}},"loc":{"start":{"line":93,"column":10},"end":{"line":141,"column":26}},"line":93}},"branchMap":{"0":{"loc":{"start":{"line":85,"column":15},"end":{"line":85,"column":70}},"type":"cond-expr","locations":[{"start":{"line":85,"column":37},"end":{"line":85,"column":65}},{"start":{"line":85,"column":68},"end":{"line":85,"column":70}}],"line":85},"1":{"loc":{"start":{"line":97,"column":14},"end":{"line":97,"column":76}},"type":"cond-expr","locations":[{"start":{"line":97,"column":33},"end":{"line":97,"column":53}},{"start":{"line":97,"column":56},"end":{"line":97,"column":76}}],"line":97},"2":{"loc":{"start":{"line":105,"column":16},"end":{"line":105,"column":80}},"type":"cond-expr","locations":[{"start":{"line":105,"column":35},"end":{"line":105,"column":56}},{"start":{"line":105,"column":59},"end":{"line":105,"column":80}}],"line":105},"3":{"loc":{"start":{"line":108,"column":19},"end":{"line":108,"column":63}},"type":"cond-expr","locations":[{"start":{"line":108,"column":38},"end":{"line":108,"column":49}},{"start":{"line":108,"column":52},"end":{"line":108,"column":63}}],"line":108},"4":{"loc":{"start":{"line":124,"column":18},"end":{"line":124,"column":86}},"type":"cond-expr","locations":[{"start":{"line":124,"column":59},"end":{"line":124,"column":79}},{"start":{"line":124,"column":82},"end":{"line":124,"column":86}}],"line":124},"5":{"loc":{"start":{"line":124,"column":18},"end":{"line":124,"column":56}},"type":"binary-expr","locations":[{"start":{"line":124,"column":18},"end":{"line":124,"column":35}},{"start":{"line":124,"column":39},"end":{"line":124,"column":56}}],"line":124},"6":{"loc":{"start":{"line":136,"column":18},"end":{"line":136,"column":88}},"type":"cond-expr","locations":[{"start":{"line":136,"column":37},"end":{"line":136,"column":61}},{"start":{"line":136,"column":64},"end":{"line":136,"column":88}}],"line":136},"7":{"loc":{"start":{"line":152,"column":13},"end":{"line":152,"column":47}},"type":"cond-expr","locations":[{"start":{"line":152,"column":41},"end":{"line":152,"column":42}},{"start":{"line":152,"column":45},"end":{"line":152,"column":47}}],"line":152},"8":{"loc":{"start":{"line":153,"column":16},"end":{"line":153,"column":49}},"type":"cond-expr","locations":[{"start":{"line":153,"column":44},"end":{"line":153,"column":45}},{"start":{"line":153,"column":48},"end":{"line":153,"column":49}}],"line":153},"9":{"loc":{"start":{"line":157,"column":18},"end":{"line":157,"column":51}},"type":"cond-expr","locations":[{"start":{"line":157,"column":46},"end":{"line":157,"column":47}},{"start":{"line":157,"column":50},"end":{"line":157,"column":51}}],"line":157},"10":{"loc":{"start":{"line":165,"column":18},"end":{"line":165,"column":52}},"type":"cond-expr","locations":[{"start":{"line":165,"column":46},"end":{"line":165,"column":47}},{"start":{"line":165,"column":50},"end":{"line":165,"column":52}}],"line":165},"11":{"loc":{"start":{"line":166,"column":15},"end":{"line":166,"column":48}},"type":"cond-expr","locations":[{"start":{"line":166,"column":43},"end":{"line":166,"column":44}},{"start":{"line":166,"column":47},"end":{"line":166,"column":48}}],"line":166}},"s":{"0":0,"1":0,"2":0,"3":0,"4":0,"5":0,"6":0,"7":0,"8":0,"9":0,"10":0,"11":0},"f":{"0":0,"1":0,"2":0,"3":0},"b":{"0":[0,0],"1":[0,0],"2":[0,0],"3":[0,0],"4":[0,0],"5":[0,0],"6":[0,0],"7":[0,0],"8":[0,0],"9":[0,0],"10":[0,0],"11":[0,0]}}
,"/home/eric/repos/Tractor/src/components/PlayerHand.tsx": {"path":"/home/eric/repos/Tractor/src/components/PlayerHand.tsx","statementMap":{"0":{"start":{"line":17,"column":46},"end":{"line":163,"column":1}},"1":{"start":{"line":27,"column":21},"end":{"line":55,"column":4}},"2":{"start":{"line":29,"column":4},"end":{"line":29,"column":39}},"3":{"start":{"line":29,"column":29},"end":{"line":29,"column":39}},"4":{"start":{"line":30,"column":4},"end":{"line":30,"column":38}},"5":{"start":{"line":30,"column":29},"end":{"line":30,"column":38}},"6":{"start":{"line":33,"column":21},"end":{"line":33,"column":42}},"7":{"start":{"line":34,"column":21},"end":{"line":34,"column":42}},"8":{"start":{"line":36,"column":4},"end":{"line":36,"column":41}},"9":{"start":{"line":36,"column":31},"end":{"line":36,"column":41}},"10":{"start":{"line":37,"column":4},"end":{"line":37,"column":40}},"11":{"start":{"line":37,"column":31},"end":{"line":37,"column":40}},"12":{"start":{"line":40,"column":4},"end":{"line":43,"column":5}},"13":{"start":{"line":41,"column":24},"end":{"line":41,"column":79}},"14":{"start":{"line":42,"column":6},"end":{"line":42,"column":51}},"15":{"start":{"line":46,"column":4},"end":{"line":52,"column":5}},"16":{"start":{"line":47,"column":24},"end":{"line":50,"column":7}},"17":{"start":{"line":51,"column":6},"end":{"line":51,"column":51}},"18":{"start":{"line":54,"column":4},"end":{"line":54,"column":13}},"19":{"start":{"line":57,"column":25},"end":{"line":59,"column":3}},"20":{"start":{"line":58,"column":4},"end":{"line":58,"column":53}},"21":{"start":{"line":58,"column":35},"end":{"line":58,"column":51}},"22":{"start":{"line":61,"column":26},"end":{"line":89,"column":3}},"23":{"start":{"line":62,"column":4},"end":{"line":88,"column":6}},"24":{"start":{"line":66,"column":12},"end":{"line":84,"column":19}},"25":{"start":{"line":92,"column":26},"end":{"line":126,"column":3}},"26":{"start":{"line":93,"column":23},"end":{"line":99,"column":5}},"27":{"start":{"line":101,"column":4},"end":{"line":125,"column":5}},"28":{"start":{"line":103,"column":8},"end":{"line":108,"column":10}},"29":{"start":{"line":110,"column":8},"end":{"line":115,"column":10}},"30":{"start":{"line":117,"column":8},"end":{"line":122,"column":10}},"31":{"start":{"line":124,"column":8},"end":{"line":124,"column":26}},"32":{"start":{"line":128,"column":23},"end":{"line":156,"column":3}},"33":{"start":{"line":129,"column":27},"end":{"line":129,"column":78}},"34":{"start":{"line":131,"column":4},"end":{"line":155,"column":6}},"35":{"start":{"line":141,"column":10},"end":{"line":152,"column":17}},"36":{"start":{"line":158,"column":2},"end":{"line":162,"column":3}},"37":{"start":{"line":159,"column":4},"end":{"line":159,"column":29}},"38":{"start":{"line":161,"column":4},"end":{"line":161,"column":26}},"39":{"start":{"line":165,"column":15},"end":{"line":206,"column":2}}},"fnMap":{"0":{"name":"(anonymous_0)","decl":{"start":{"line":17,"column":46},"end":{"line":17,"column":47}},"loc":{"start":{"line":25,"column":6},"end":{"line":163,"column":1}},"line":25},"1":{"name":"(anonymous_1)","decl":{"start":{"line":27,"column":43},"end":{"line":27,"column":44}},"loc":{"start":{"line":27,"column":53},"end":{"line":55,"column":3}},"line":27},"2":{"name":"(anonymous_2)","decl":{"start":{"line":57,"column":25},"end":{"line":57,"column":26}},"loc":{"start":{"line":57,"column":45},"end":{"line":59,"column":3}},"line":57},"3":{"name":"(anonymous_3)","decl":{"start":{"line":58,"column":30},"end":{"line":58,"column":31}},"loc":{"start":{"line":58,"column":35},"end":{"line":58,"column":51}},"line":58},"4":{"name":"(anonymous_4)","decl":{"start":{"line":61,"column":26},"end":{"line":61,"column":27}},"loc":{"start":{"line":61,"column":32},"end":{"line":89,"column":3}},"line":61},"5":{"name":"(anonymous_5)","decl":{"start":{"line":65,"column":26},"end":{"line":65,"column":27}},"loc":{"start":{"line":66,"column":12},"end":{"line":84,"column":19}},"line":66},"6":{"name":"(anonymous_6)","decl":{"start":{"line":92,"column":26},"end":{"line":92,"column":27}},"loc":{"start":{"line":92,"column":45},"end":{"line":126,"column":3}},"line":92},"7":{"name":"(anonymous_7)","decl":{"start":{"line":128,"column":23},"end":{"line":128,"column":24}},"loc":{"start":{"line":128,"column":29},"end":{"line":156,"column":3}},"line":128},"8":{"name":"(anonymous_8)","decl":{"start":{"line":140,"column":28},"end":{"line":140,"column":29}},"loc":{"start":{"line":141,"column":10},"end":{"line":152,"column":17}},"line":141}},"branchMap":{"0":{"loc":{"start":{"line":29,"column":4},"end":{"line":29,"column":39}},"type":"if","locations":[{"start":{"line":29,"column":4},"end":{"line":29,"column":39}},{"start":{},"end":{}}],"line":29},"1":{"loc":{"start":{"line":29,"column":8},"end":{"line":29,"column":27}},"type":"binary-expr","locations":[{"start":{"line":29,"column":8},"end":{"line":29,"column":15}},{"start":{"line":29,"column":19},"end":{"line":29,"column":27}}],"line":29},"2":{"loc":{"start":{"line":30,"column":4},"end":{"line":30,"column":38}},"type":"if","locations":[{"start":{"line":30,"column":4},"end":{"line":30,"column":38}},{"start":{},"end":{}}],"line":30},"3":{"loc":{"start":{"line":30,"column":8},"end":{"line":30,"column":27}},"type":"binary-expr","locations":[{"start":{"line":30,"column":8},"end":{"line":30,"column":16}},{"start":{"line":30,"column":20},"end":{"line":30,"column":27}}],"line":30},"4":{"loc":{"start":{"line":36,"column":4},"end":{"line":36,"column":41}},"type":"if","locations":[{"start":{"line":36,"column":4},"end":{"line":36,"column":41}},{"start":{},"end":{}}],"line":36},"5":{"loc":{"start":{"line":36,"column":8},"end":{"line":36,"column":29}},"type":"binary-expr","locations":[{"start":{"line":36,"column":8},"end":{"line":36,"column":16}},{"start":{"line":36,"column":20},"end":{"line":36,"column":29}}],"line":36},"6":{"loc":{"start":{"line":37,"column":4},"end":{"line":37,"column":40}},"type":"if","locations":[{"start":{"line":37,"column":4},"end":{"line":37,"column":40}},{"start":{},"end":{}}],"line":37},"7":{"loc":{"start":{"line":37,"column":8},"end":{"line":37,"column":29}},"type":"binary-expr","locations":[{"start":{"line":37,"column":8},"end":{"line":37,"column":17}},{"start":{"line":37,"column":21},"end":{"line":37,"column":29}}],"line":37},"8":{"loc":{"start":{"line":40,"column":4},"end":{"line":43,"column":5}},"type":"if","locations":[{"start":{"line":40,"column":4},"end":{"line":43,"column":5}},{"start":{},"end":{}}],"line":40},"9":{"loc":{"start":{"line":40,"column":8},"end":{"line":40,"column":45}},"type":"binary-expr","locations":[{"start":{"line":40,"column":8},"end":{"line":40,"column":14}},{"start":{"line":40,"column":18},"end":{"line":40,"column":24}},{"start":{"line":40,"column":28},"end":{"line":40,"column":45}}],"line":40},"10":{"loc":{"start":{"line":46,"column":4},"end":{"line":52,"column":5}},"type":"if","locations":[{"start":{"line":46,"column":4},"end":{"line":52,"column":5}},{"start":{},"end":{}}],"line":46},"11":{"loc":{"start":{"line":46,"column":8},"end":{"line":46,"column":24}},"type":"binary-expr","locations":[{"start":{"line":46,"column":8},"end":{"line":46,"column":14}},{"start":{"line":46,"column":18},"end":{"line":46,"column":24}}],"line":46},"12":{"loc":{"start":{"line":71,"column":30},"end":{"line":71,"column":51}},"type":"cond-expr","locations":[{"start":{"line":71,"column":44},"end":{"line":71,"column":45}},{"start":{"line":71,"column":48},"end":{"line":71,"column":51}}],"line":71},"13":{"loc":{"start":{"line":78,"column":26},"end":{"line":78,"column":68}},"type":"cond-expr","locations":[{"start":{"line":78,"column":44},"end":{"line":78,"column":56}},{"start":{"line":78,"column":59},"end":{"line":78,"column":68}}],"line":78},"14":{"loc":{"start":{"line":101,"column":4},"end":{"line":125,"column":5}},"type":"switch","locations":[{"start":{"line":102,"column":6},"end":{"line":108,"column":10}},{"start":{"line":109,"column":6},"end":{"line":115,"column":10}},{"start":{"line":116,"column":6},"end":{"line":122,"column":10}},{"start":{"line":123,"column":6},"end":{"line":124,"column":26}}],"line":101},"15":{"loc":{"start":{"line":135,"column":27},"end":{"line":135,"column":53}},"type":"cond-expr","locations":[{"start":{"line":135,"column":45},"end":{"line":135,"column":48}},{"start":{"line":135,"column":51},"end":{"line":135,"column":53}}],"line":135},"16":{"loc":{"start":{"line":136,"column":13},"end":{"line":136,"column":69}},"type":"cond-expr","locations":[{"start":{"line":136,"column":38},"end":{"line":136,"column":64}},{"start":{"line":136,"column":67},"end":{"line":136,"column":69}}],"line":136},"17":{"loc":{"start":{"line":158,"column":2},"end":{"line":162,"column":3}},"type":"if","locations":[{"start":{"line":158,"column":2},"end":{"line":162,"column":3}},{"start":{"line":160,"column":9},"end":{"line":162,"column":3}}],"line":158}},"s":{"0":0,"1":0,"2":0,"3":0,"4":0,"5":0,"6":0,"7":0,"8":0,"9":0,"10":0,"11":0,"12":0,"13":0,"14":0,"15":0,"16":0,"17":0,"18":0,"19":0,"20":0,"21":0,"22":0,"23":0,"24":0,"25":0,"26":0,"27":0,"28":0,"29":0,"30":0,"31":0,"32":0,"33":0,"34":0,"35":0,"36":0,"37":0,"38":0,"39":0},"f":{"0":0,"1":0,"2":0,"3":0,"4":0,"5":0,"6":0,"7":0,"8":0},"b":{"0":[0,0],"1":[0,0],"2":[0,0],"3":[0,0],"4":[0,0],"5":[0,0],"6":[0,0],"7":[0,0],"8":[0,0],"9":[0,0,0],"10":[0,0],"11":[0,0],"12":[0,0],"13":[0,0],"14":[0,0,0,0],"15":[0,0],"16":[0,0],"17":[0,0]}}
,"/home/eric/repos/Tractor/src/components/PlayerHandAnimated.tsx": {"path":"/home/eric/repos/Tractor/src/components/PlayerHandAnimated.tsx","statementMap":{"0":{"start":{"line":18,"column":32},"end":{"line":18,"column":56}},"1":{"start":{"line":20,"column":54},"end":{"line":317,"column":1}},"2":{"start":{"line":31,"column":21},"end":{"line":144,"column":4}},"3":{"start":{"line":33,"column":4},"end":{"line":35,"column":5}},"4":{"start":{"line":34,"column":6},"end":{"line":34,"column":40}},"5":{"start":{"line":36,"column":4},"end":{"line":36,"column":39}},"6":{"start":{"line":36,"column":29},"end":{"line":36,"column":39}},"7":{"start":{"line":37,"column":4},"end":{"line":37,"column":38}},"8":{"start":{"line":37,"column":29},"end":{"line":37,"column":38}},"9":{"start":{"line":40,"column":21},"end":{"line":40,"column":42}},"10":{"start":{"line":41,"column":21},"end":{"line":41,"column":42}},"11":{"start":{"line":43,"column":4},"end":{"line":99,"column":5}},"12":{"start":{"line":47,"column":27},"end":{"line":47,"column":57}},"13":{"start":{"line":48,"column":27},"end":{"line":48,"column":57}},"14":{"start":{"line":50,"column":6},"end":{"line":50,"column":51}},"15":{"start":{"line":50,"column":41},"end":{"line":50,"column":51}},"16":{"start":{"line":51,"column":6},"end":{"line":51,"column":50}},"17":{"start":{"line":51,"column":41},"end":{"line":51,"column":50}},"18":{"start":{"line":54,"column":6},"end":{"line":89,"column":7}},"19":{"start":{"line":55,"column":8},"end":{"line":88,"column":9}},"20":{"start":{"line":57,"column":10},"end":{"line":60,"column":11}},"21":{"start":{"line":58,"column":12},"end":{"line":58,"column":92}},"22":{"start":{"line":58,"column":82},"end":{"line":58,"column":92}},"23":{"start":{"line":59,"column":12},"end":{"line":59,"column":91}},"24":{"start":{"line":59,"column":82},"end":{"line":59,"column":91}},"25":{"start":{"line":64,"column":36},"end":{"line":64,"column":77}},"26":{"start":{"line":67,"column":27},"end":{"line":67,"column":29}},"27":{"start":{"line":68,"column":10},"end":{"line":70,"column":11}},"28":{"start":{"line":69,"column":12},"end":{"line":69,"column":72}},"29":{"start":{"line":73,"column":29},"end":{"line":73,"column":51}},"30":{"start":{"line":74,"column":10},"end":{"line":79,"column":11}},"31":{"start":{"line":75,"column":12},"end":{"line":78,"column":14}},"32":{"start":{"line":82,"column":28},"end":{"line":82,"column":30}},"33":{"start":{"line":83,"column":10},"end":{"line":85,"column":13}},"34":{"start":{"line":84,"column":12},"end":{"line":84,"column":36}},"35":{"start":{"line":87,"column":10},"end":{"line":87,"column":55}},"36":{"start":{"line":92,"column":6},"end":{"line":98,"column":7}},"37":{"start":{"line":93,"column":26},"end":{"line":96,"column":9}},"38":{"start":{"line":97,"column":8},"end":{"line":97,"column":53}},"39":{"start":{"line":102,"column":4},"end":{"line":102,"column":41}},"40":{"start":{"line":102,"column":31},"end":{"line":102,"column":41}},"41":{"start":{"line":103,"column":4},"end":{"line":103,"column":40}},"42":{"start":{"line":103,"column":31},"end":{"line":103,"column":40}},"43":{"start":{"line":106,"column":4},"end":{"line":132,"column":5}},"44":{"start":{"line":108,"column":32},"end":{"line":108,"column":73}},"45":{"start":{"line":111,"column":23},"end":{"line":111,"column":25}},"46":{"start":{"line":112,"column":6},"end":{"line":114,"column":7}},"47":{"start":{"line":113,"column":8},"end":{"line":113,"column":68}},"48":{"start":{"line":117,"column":25},"end":{"line":117,"column":47}},"49":{"start":{"line":118,"column":6},"end":{"line":123,"column":7}},"50":{"start":{"line":119,"column":8},"end":{"line":122,"column":10}},"51":{"start":{"line":126,"column":24},"end":{"line":126,"column":26}},"52":{"start":{"line":127,"column":6},"end":{"line":129,"column":9}},"53":{"start":{"line":128,"column":8},"end":{"line":128,"column":32}},"54":{"start":{"line":131,"column":6},"end":{"line":131,"column":51}},"55":{"start":{"line":135,"column":4},"end":{"line":141,"column":5}},"56":{"start":{"line":136,"column":24},"end":{"line":139,"column":7}},"57":{"start":{"line":140,"column":6},"end":{"line":140,"column":51}},"58":{"start":{"line":143,"column":4},"end":{"line":143,"column":13}},"59":{"start":{"line":146,"column":25},"end":{"line":148,"column":3}},"60":{"start":{"line":147,"column":4},"end":{"line":147,"column":53}},"61":{"start":{"line":147,"column":35},"end":{"line":147,"column":51}},"62":{"start":{"line":151,"column":2},"end":{"line":316,"column":3}},"63":{"start":{"line":153,"column":22},"end":{"line":153,"column":24}},"64":{"start":{"line":154,"column":24},"end":{"line":154,"column":26}},"65":{"start":{"line":155,"column":29},"end":{"line":155,"column":52}},"66":{"start":{"line":158,"column":28},"end":{"line":158,"column":82}},"67":{"start":{"line":161,"column":27},"end":{"line":161,"column":44}},"68":{"start":{"line":162,"column":27},"end":{"line":162,"column":59}},"69":{"start":{"line":165,"column":4},"end":{"line":225,"column":6}},"70":{"start":{"line":187,"column":16},"end":{"line":205,"column":23}},"71":{"start":{"line":229,"column":24},"end":{"line":229,"column":43}},"72":{"start":{"line":230,"column":25},"end":{"line":230,"column":44}},"73":{"start":{"line":231,"column":26},"end":{"line":231,"column":45}},"74":{"start":{"line":233,"column":4},"end":{"line":315,"column":6}},"75":{"start":{"line":260,"column":30},"end":{"line":268,"column":13}},"76":{"start":{"line":270,"column":12},"end":{"line":294,"column":13}},"77":{"start":{"line":272,"column":14},"end":{"line":277,"column":17}},"78":{"start":{"line":278,"column":19},"end":{"line":294,"column":13}},"79":{"start":{"line":280,"column":14},"end":{"line":285,"column":17}},"80":{"start":{"line":286,"column":19},"end":{"line":294,"column":13}},"81":{"start":{"line":288,"column":14},"end":{"line":293,"column":17}},"82":{"start":{"line":296,"column":12},"end":{"line":311,"column":14}},"83":{"start":{"line":319,"column":15},"end":{"line":491,"column":2}}},"fnMap":{"0":{"name":"(anonymous_0)","decl":{"start":{"line":20,"column":54},"end":{"line":20,"column":55}},"loc":{"start":{"line":29,"column":6},"end":{"line":317,"column":1}},"line":29},"1":{"name":"(anonymous_1)","decl":{"start":{"line":31,"column":43},"end":{"line":31,"column":44}},"loc":{"start":{"line":31,"column":53},"end":{"line":144,"column":3}},"line":31},"2":{"name":"(anonymous_2)","decl":{"start":{"line":83,"column":31},"end":{"line":83,"column":32}},"loc":{"start":{"line":83,"column":48},"end":{"line":85,"column":11}},"line":83},"3":{"name":"(anonymous_3)","decl":{"start":{"line":127,"column":27},"end":{"line":127,"column":28}},"loc":{"start":{"line":127,"column":44},"end":{"line":129,"column":7}},"line":127},"4":{"name":"(anonymous_4)","decl":{"start":{"line":146,"column":25},"end":{"line":146,"column":26}},"loc":{"start":{"line":146,"column":45},"end":{"line":148,"column":3}},"line":146},"5":{"name":"(anonymous_5)","decl":{"start":{"line":147,"column":30},"end":{"line":147,"column":31}},"loc":{"start":{"line":147,"column":35},"end":{"line":147,"column":51}},"line":147},"6":{"name":"(anonymous_6)","decl":{"start":{"line":186,"column":30},"end":{"line":186,"column":31}},"loc":{"start":{"line":187,"column":16},"end":{"line":205,"column":23}},"line":187},"7":{"name":"(anonymous_7)","decl":{"start":{"line":258,"column":67},"end":{"line":258,"column":68}},"loc":{"start":{"line":258,"column":84},"end":{"line":312,"column":11}},"line":258}},"branchMap":{"0":{"loc":{"start":{"line":28,"column":2},"end":{"line":28,"column":17}},"type":"default-arg","locations":[{"start":{"line":28,"column":12},"end":{"line":28,"column":17}}],"line":28},"1":{"loc":{"start":{"line":33,"column":4},"end":{"line":35,"column":5}},"type":"if","locations":[{"start":{"line":33,"column":4},"end":{"line":35,"column":5}},{"start":{},"end":{}}],"line":33},"2":{"loc":{"start":{"line":33,"column":8},"end":{"line":33,"column":26}},"type":"binary-expr","locations":[{"start":{"line":33,"column":8},"end":{"line":33,"column":15}},{"start":{"line":33,"column":19},"end":{"line":33,"column":26}}],"line":33},"3":{"loc":{"start":{"line":34,"column":13},"end":{"line":34,"column":39}},"type":"cond-expr","locations":[{"start":{"line":34,"column":33},"end":{"line":34,"column":35}},{"start":{"line":34,"column":38},"end":{"line":34,"column":39}}],"line":34},"4":{"loc":{"start":{"line":36,"column":4},"end":{"line":36,"column":39}},"type":"if","locations":[{"start":{"line":36,"column":4},"end":{"line":36,"column":39}},{"start":{},"end":{}}],"line":36},"5":{"loc":{"start":{"line":36,"column":8},"end":{"line":36,"column":27}},"type":"binary-expr","locations":[{"start":{"line":36,"column":8},"end":{"line":36,"column":15}},{"start":{"line":36,"column":19},"end":{"line":36,"column":27}}],"line":36},"6":{"loc":{"start":{"line":37,"column":4},"end":{"line":37,"column":38}},"type":"if","locations":[{"start":{"line":37,"column":4},"end":{"line":37,"column":38}},{"start":{},"end":{}}],"line":37},"7":{"loc":{"start":{"line":37,"column":8},"end":{"line":37,"column":27}},"type":"binary-expr","locations":[{"start":{"line":37,"column":8},"end":{"line":37,"column":16}},{"start":{"line":37,"column":20},"end":{"line":37,"column":27}}],"line":37},"8":{"loc":{"start":{"line":43,"column":4},"end":{"line":99,"column":5}},"type":"if","locations":[{"start":{"line":43,"column":4},"end":{"line":99,"column":5}},{"start":{},"end":{}}],"line":43},"9":{"loc":{"start":{"line":43,"column":8},"end":{"line":43,"column":28}},"type":"binary-expr","locations":[{"start":{"line":43,"column":8},"end":{"line":43,"column":16}},{"start":{"line":43,"column":20},"end":{"line":43,"column":28}}],"line":43},"10":{"loc":{"start":{"line":50,"column":6},"end":{"line":50,"column":51}},"type":"if","locations":[{"start":{"line":50,"column":6},"end":{"line":50,"column":51}},{"start":{},"end":{}}],"line":50},"11":{"loc":{"start":{"line":50,"column":10},"end":{"line":50,"column":39}},"type":"binary-expr","locations":[{"start":{"line":50,"column":10},"end":{"line":50,"column":22}},{"start":{"line":50,"column":26},"end":{"line":50,"column":39}}],"line":50},"12":{"loc":{"start":{"line":51,"column":6},"end":{"line":51,"column":50}},"type":"if","locations":[{"start":{"line":51,"column":6},"end":{"line":51,"column":50}},{"start":{},"end":{}}],"line":51},"13":{"loc":{"start":{"line":51,"column":10},"end":{"line":51,"column":39}},"type":"binary-expr","locations":[{"start":{"line":51,"column":10},"end":{"line":51,"column":23}},{"start":{"line":51,"column":27},"end":{"line":51,"column":39}}],"line":51},"14":{"loc":{"start":{"line":54,"column":6},"end":{"line":89,"column":7}},"type":"if","locations":[{"start":{"line":54,"column":6},"end":{"line":89,"column":7}},{"start":{},"end":{}}],"line":54},"15":{"loc":{"start":{"line":54,"column":10},"end":{"line":54,"column":38}},"type":"binary-expr","locations":[{"start":{"line":54,"column":10},"end":{"line":54,"column":22}},{"start":{"line":54,"column":26},"end":{"line":54,"column":38}}],"line":54},"16":{"loc":{"start":{"line":55,"column":8},"end":{"line":88,"column":9}},"type":"if","locations":[{"start":{"line":55,"column":8},"end":{"line":88,"column":9}},{"start":{},"end":{}}],"line":55},"17":{"loc":{"start":{"line":55,"column":12},"end":{"line":55,"column":28}},"type":"binary-expr","locations":[{"start":{"line":55,"column":12},"end":{"line":55,"column":18}},{"start":{"line":55,"column":22},"end":{"line":55,"column":28}}],"line":55},"18":{"loc":{"start":{"line":57,"column":10},"end":{"line":60,"column":11}},"type":"if","locations":[{"start":{"line":57,"column":10},"end":{"line":60,"column":11}},{"start":{},"end":{}}],"line":57},"19":{"loc":{"start":{"line":58,"column":12},"end":{"line":58,"column":92}},"type":"if","locations":[{"start":{"line":58,"column":12},"end":{"line":58,"column":92}},{"start":{},"end":{}}],"line":58},"20":{"loc":{"start":{"line":58,"column":16},"end":{"line":58,"column":80}},"type":"binary-expr","locations":[{"start":{"line":58,"column":16},"end":{"line":58,"column":46}},{"start":{"line":58,"column":50},"end":{"line":58,"column":80}}],"line":58},"21":{"loc":{"start":{"line":59,"column":12},"end":{"line":59,"column":91}},"type":"if","locations":[{"start":{"line":59,"column":12},"end":{"line":59,"column":91}},{"start":{},"end":{}}],"line":59},"22":{"loc":{"start":{"line":59,"column":16},"end":{"line":59,"column":80}},"type":"binary-expr","locations":[{"start":{"line":59,"column":16},"end":{"line":59,"column":46}},{"start":{"line":59,"column":50},"end":{"line":59,"column":80}}],"line":59},"23":{"loc":{"start":{"line":68,"column":10},"end":{"line":70,"column":11}},"type":"if","locations":[{"start":{"line":68,"column":10},"end":{"line":70,"column":11}},{"start":{},"end":{}}],"line":68},"24":{"loc":{"start":{"line":68,"column":14},"end":{"line":68,"column":55}},"type":"binary-expr","locations":[{"start":{"line":68,"column":14},"end":{"line":68,"column":32}},{"start":{"line":68,"column":36},"end":{"line":68,"column":55}}],"line":68},"25":{"loc":{"start":{"line":74,"column":10},"end":{"line":79,"column":11}},"type":"if","locations":[{"start":{"line":74,"column":10},"end":{"line":79,"column":11}},{"start":{},"end":{}}],"line":74},"26":{"loc":{"start":{"line":92,"column":6},"end":{"line":98,"column":7}},"type":"if","locations":[{"start":{"line":92,"column":6},"end":{"line":98,"column":7}},{"start":{},"end":{}}],"line":92},"27":{"loc":{"start":{"line":92,"column":10},"end":{"line":92,"column":26}},"type":"binary-expr","locations":[{"start":{"line":92,"column":10},"end":{"line":92,"column":16}},{"start":{"line":92,"column":20},"end":{"line":92,"column":26}}],"line":92},"28":{"loc":{"start":{"line":102,"column":4},"end":{"line":102,"column":41}},"type":"if","locations":[{"start":{"line":102,"column":4},"end":{"line":102,"column":41}},{"start":{},"end":{}}],"line":102},"29":{"loc":{"start":{"line":102,"column":8},"end":{"line":102,"column":29}},"type":"binary-expr","locations":[{"start":{"line":102,"column":8},"end":{"line":102,"column":16}},{"start":{"line":102,"column":20},"end":{"line":102,"column":29}}],"line":102},"30":{"loc":{"start":{"line":103,"column":4},"end":{"line":103,"column":40}},"type":"if","locations":[{"start":{"line":103,"column":4},"end":{"line":103,"column":40}},{"start":{},"end":{}}],"line":103},"31":{"loc":{"start":{"line":103,"column":8},"end":{"line":103,"column":29}},"type":"binary-expr","locations":[{"start":{"line":103,"column":8},"end":{"line":103,"column":17}},{"start":{"line":103,"column":21},"end":{"line":103,"column":29}}],"line":103},"32":{"loc":{"start":{"line":106,"column":4},"end":{"line":132,"column":5}},"type":"if","locations":[{"start":{"line":106,"column":4},"end":{"line":132,"column":5}},{"start":{},"end":{}}],"line":106},"33":{"loc":{"start":{"line":106,"column":8},"end":{"line":106,"column":45}},"type":"binary-expr","locations":[{"start":{"line":106,"column":8},"end":{"line":106,"column":14}},{"start":{"line":106,"column":18},"end":{"line":106,"column":24}},{"start":{"line":106,"column":28},"end":{"line":106,"column":45}}],"line":106},"34":{"loc":{"start":{"line":112,"column":6},"end":{"line":114,"column":7}},"type":"if","locations":[{"start":{"line":112,"column":6},"end":{"line":114,"column":7}},{"start":{},"end":{}}],"line":112},"35":{"loc":{"start":{"line":112,"column":10},"end":{"line":112,"column":51}},"type":"binary-expr","locations":[{"start":{"line":112,"column":10},"end":{"line":112,"column":28}},{"start":{"line":112,"column":32},"end":{"line":112,"column":51}}],"line":112},"36":{"loc":{"start":{"line":118,"column":6},"end":{"line":123,"column":7}},"type":"if","locations":[{"start":{"line":118,"column":6},"end":{"line":123,"column":7}},{"start":{},"end":{}}],"line":118},"37":{"loc":{"start":{"line":135,"column":4},"end":{"line":141,"column":5}},"type":"if","locations":[{"start":{"line":135,"column":4},"end":{"line":141,"column":5}},{"start":{},"end":{}}],"line":135},"38":{"loc":{"start":{"line":135,"column":8},"end":{"line":135,"column":24}},"type":"binary-expr","locations":[{"start":{"line":135,"column":8},"end":{"line":135,"column":14}},{"start":{"line":135,"column":18},"end":{"line":135,"column":24}}],"line":135},"39":{"loc":{"start":{"line":151,"column":2},"end":{"line":316,"column":3}},"type":"if","locations":[{"start":{"line":151,"column":2},"end":{"line":316,"column":3}},{"start":{"line":226,"column":9},"end":{"line":316,"column":3}}],"line":151},"40":{"loc":{"start":{"line":180,"column":32},"end":{"line":180,"column":72}},"type":"cond-expr","locations":[{"start":{"line":180,"column":49},"end":{"line":180,"column":61}},{"start":{"line":180,"column":64},"end":{"line":180,"column":72}}],"line":180},"41":{"loc":{"start":{"line":192,"column":34},"end":{"line":192,"column":64}},"type":"cond-expr","locations":[{"start":{"line":192,"column":48},"end":{"line":192,"column":49}},{"start":{"line":192,"column":52},"end":{"line":192,"column":64}}],"line":192},"42":{"loc":{"start":{"line":199,"column":30},"end":{"line":199,"column":72}},"type":"cond-expr","locations":[{"start":{"line":199,"column":48},"end":{"line":199,"column":60}},{"start":{"line":199,"column":63},"end":{"line":199,"column":72}}],"line":199},"43":{"loc":{"start":{"line":212,"column":9},"end":{"line":223,"column":9}},"type":"binary-expr","locations":[{"start":{"line":212,"column":9},"end":{"line":212,"column":16}},{"start":{"line":212,"column":20},"end":{"line":212,"column":44}},{"start":{"line":212,"column":48},"end":{"line":212,"column":59}},{"start":{"line":213,"column":10},"end":{"line":222,"column":17}}],"line":212},"44":{"loc":{"start":{"line":219,"column":17},"end":{"line":219,"column":98}},"type":"cond-expr","locations":[{"start":{"line":219,"column":46},"end":{"line":219,"column":59}},{"start":{"line":219,"column":62},"end":{"line":219,"column":98}}],"line":219},"45":{"loc":{"start":{"line":235,"column":8},"end":{"line":235,"column":44}},"type":"binary-expr","locations":[{"start":{"line":235,"column":8},"end":{"line":235,"column":19}},{"start":{"line":235,"column":23},"end":{"line":235,"column":44}}],"line":235},"46":{"loc":{"start":{"line":236,"column":8},"end":{"line":236,"column":46}},"type":"binary-expr","locations":[{"start":{"line":236,"column":8},"end":{"line":236,"column":20}},{"start":{"line":236,"column":24},"end":{"line":236,"column":46}}],"line":236},"47":{"loc":{"start":{"line":237,"column":8},"end":{"line":237,"column":48}},"type":"binary-expr","locations":[{"start":{"line":237,"column":8},"end":{"line":237,"column":21}},{"start":{"line":237,"column":25},"end":{"line":237,"column":48}}],"line":237},"48":{"loc":{"start":{"line":242,"column":10},"end":{"line":242,"column":45}},"type":"binary-expr","locations":[{"start":{"line":242,"column":10},"end":{"line":242,"column":21}},{"start":{"line":242,"column":25},"end":{"line":242,"column":45}}],"line":242},"49":{"loc":{"start":{"line":243,"column":10},"end":{"line":243,"column":47}},"type":"binary-expr","locations":[{"start":{"line":243,"column":10},"end":{"line":243,"column":22}},{"start":{"line":243,"column":26},"end":{"line":243,"column":47}}],"line":243},"50":{"loc":{"start":{"line":244,"column":10},"end":{"line":244,"column":49}},"type":"binary-expr","locations":[{"start":{"line":244,"column":10},"end":{"line":244,"column":23}},{"start":{"line":244,"column":27},"end":{"line":244,"column":49}}],"line":244},"51":{"loc":{"start":{"line":247,"column":27},"end":{"line":247,"column":53}},"type":"cond-expr","locations":[{"start":{"line":247,"column":45},"end":{"line":247,"column":48}},{"start":{"line":247,"column":51},"end":{"line":247,"column":53}}],"line":247},"52":{"loc":{"start":{"line":254,"column":10},"end":{"line":254,"column":48}},"type":"binary-expr","locations":[{"start":{"line":254,"column":10},"end":{"line":254,"column":21}},{"start":{"line":254,"column":25},"end":{"line":254,"column":48}}],"line":254},"53":{"loc":{"start":{"line":255,"column":10},"end":{"line":255,"column":50}},"type":"binary-expr","locations":[{"start":{"line":255,"column":10},"end":{"line":255,"column":22}},{"start":{"line":255,"column":26},"end":{"line":255,"column":50}}],"line":255},"54":{"loc":{"start":{"line":256,"column":10},"end":{"line":256,"column":52}},"type":"binary-expr","locations":[{"start":{"line":256,"column":10},"end":{"line":256,"column":23}},{"start":{"line":256,"column":27},"end":{"line":256,"column":52}}],"line":256},"55":{"loc":{"start":{"line":270,"column":12},"end":{"line":294,"column":13}},"type":"if","locations":[{"start":{"line":270,"column":12},"end":{"line":294,"column":13}},{"start":{"line":278,"column":19},"end":{"line":294,"column":13}}],"line":270},"56":{"loc":{"start":{"line":278,"column":19},"end":{"line":294,"column":13}},"type":"if","locations":[{"start":{"line":278,"column":19},"end":{"line":294,"column":13}},{"start":{"line":286,"column":19},"end":{"line":294,"column":13}}],"line":278},"57":{"loc":{"start":{"line":286,"column":19},"end":{"line":294,"column":13}},"type":"if","locations":[{"start":{"line":286,"column":19},"end":{"line":294,"column":13}},{"start":{},"end":{}}],"line":286}},"s":{"0":0,"1":0,"2":0,"3":0,"4":0,"5":0,"6":0,"7":0,"8":0,"9":0,"10":0,"11":0,"12":0,"13":0,"14":0,"15":0,"16":0,"17":0,"18":0,"19":0,"20":0,"21":0,"22":0,"23":0,"24":0,"25":0,"26":0,"27":0,"28":0,"29":0,"30":0,"31":0,"32":0,"33":0,"34":0,"35":0,"36":0,"37":0,"38":0,"39":0,"40":0,"41":0,"42":0,"43":0,"44":0,"45":0,"46":0,"47":0,"48":0,"49":0,"50":0,"51":0,"52":0,"53":0,"54":0,"55":0,"56":0,"57":0,"58":0,"59":0,"60":0,"61":0,"62":0,"63":0,"64":0,"65":0,"66":0,"67":0,"68":0,"69":0,"70":0,"71":0,"72":0,"73":0,"74":0,"75":0,"76":0,"77":0,"78":0,"79":0,"80":0,"81":0,"82":0,"83":0},"f":{"0":0,"1":0,"2":0,"3":0,"4":0,"5":0,"6":0,"7":0},"b":{"0":[0],"1":[0,0],"2":[0,0],"3":[0,0],"4":[0,0],"5":[0,0],"6":[0,0],"7":[0,0],"8":[0,0],"9":[0,0],"10":[0,0],"11":[0,0],"12":[0,0],"13":[0,0],"14":[0,0],"15":[0,0],"16":[0,0],"17":[0,0],"18":[0,0],"19":[0,0],"20":[0,0],"21":[0,0],"22":[0,0],"23":[0,0],"24":[0,0],"25":[0,0],"26":[0,0],"27":[0,0],"28":[0,0],"29":[0,0],"30":[0,0],"31":[0,0],"32":[0,0],"33":[0,0,0],"34":[0,0],"35":[0,0],"36":[0,0],"37":[0,0],"38":[0,0],"39":[0,0],"40":[0,0],"41":[0,0],"42":[0,0],"43":[0,0,0,0],"44":[0,0],"45":[0,0],"46":[0,0],"47":[0,0],"48":[0,0],"49":[0,0],"50":[0,0],"51":[0,0],"52":[0,0],"53":[0,0],"54":[0,0],"55":[0,0],"56":[0,0],"57":[0,0]}}
,"/home/eric/repos/Tractor/src/screens/EnhancedGameScreen.tsx": {"path":"/home/eric/repos/Tractor/src/screens/EnhancedGameScreen.tsx","statementMap":{"0":{"start":{"line":33,"column":32},"end":{"line":33,"column":56}},"1":{"start":{"line":35,"column":37},"end":{"line":1061,"column":1}},"2":{"start":{"line":38,"column":36},"end":{"line":38,"column":68}},"3":{"start":{"line":39,"column":44},"end":{"line":39,"column":64}},"4":{"start":{"line":40,"column":38},"end":{"line":45,"column":4}},"5":{"start":{"line":48,"column":36},"end":{"line":48,"column":51}},"6":{"start":{"line":49,"column":58},"end":{"line":49,"column":73}},"7":{"start":{"line":50,"column":42},"end":{"line":50,"column":57}},"8":{"start":{"line":51,"column":34},"end":{"line":51,"column":49}},"9":{"start":{"line":52,"column":30},"end":{"line":52,"column":62}},"10":{"start":{"line":53,"column":48},"end":{"line":53,"column":63}},"11":{"start":{"line":54,"column":48},"end":{"line":54,"column":60}},"12":{"start":{"line":55,"column":48},"end":{"line":55,"column":59}},"13":{"start":{"line":56,"column":54},"end":{"line":56,"column":82}},"14":{"start":{"line":60,"column":19},"end":{"line":60,"column":56}},"15":{"start":{"line":61,"column":20},"end":{"line":61,"column":57}},"16":{"start":{"line":62,"column":20},"end":{"line":62,"column":57}},"17":{"start":{"line":65,"column":23},"end":{"line":65,"column":60}},"18":{"start":{"line":66,"column":23},"end":{"line":66,"column":60}},"19":{"start":{"line":67,"column":23},"end":{"line":67,"column":60}},"20":{"start":{"line":70,"column":32},"end":{"line":70,"column":69}},"21":{"start":{"line":74,"column":34},"end":{"line":112,"column":3}},"22":{"start":{"line":76,"column":24},"end":{"line":78,"column":5}},"23":{"start":{"line":77,"column":6},"end":{"line":77,"column":80}},"24":{"start":{"line":77,"column":40},"end":{"line":77,"column":79}},"25":{"start":{"line":80,"column":4},"end":{"line":111,"column":5}},"26":{"start":{"line":82,"column":28},"end":{"line":86,"column":7}},"27":{"start":{"line":88,"column":6},"end":{"line":110,"column":7}},"28":{"start":{"line":90,"column":27},"end":{"line":95,"column":40}},"29":{"start":{"line":91,"column":10},"end":{"line":93,"column":11}},"30":{"start":{"line":92,"column":12},"end":{"line":92,"column":61}},"31":{"start":{"line":94,"column":10},"end":{"line":94,"column":24}},"32":{"start":{"line":98,"column":22},"end":{"line":98,"column":33}},"33":{"start":{"line":99,"column":23},"end":{"line":99,"column":24}},"34":{"start":{"line":101,"column":8},"end":{"line":106,"column":11}},"35":{"start":{"line":102,"column":10},"end":{"line":105,"column":11}},"36":{"start":{"line":103,"column":12},"end":{"line":103,"column":29}},"37":{"start":{"line":104,"column":12},"end":{"line":104,"column":35}},"38":{"start":{"line":109,"column":8},"end":{"line":109,"column":34}},"39":{"start":{"line":115,"column":23},"end":{"line":162,"column":3}},"40":{"start":{"line":116,"column":4},"end":{"line":116,"column":27}},"41":{"start":{"line":116,"column":20},"end":{"line":116,"column":27}},"42":{"start":{"line":118,"column":26},"end":{"line":118,"column":73}},"43":{"start":{"line":121,"column":4},"end":{"line":125,"column":5}},"44":{"start":{"line":122,"column":6},"end":{"line":122,"column":59}},"45":{"start":{"line":123,"column":6},"end":{"line":123,"column":29}},"46":{"start":{"line":124,"column":6},"end":{"line":124,"column":13}},"47":{"start":{"line":127,"column":4},"end":{"line":159,"column":5}},"48":{"start":{"line":129,"column":21},"end":{"line":133,"column":7}},"49":{"start":{"line":136,"column":6},"end":{"line":152,"column":7}},"50":{"start":{"line":137,"column":8},"end":{"line":137,"column":77}},"51":{"start":{"line":139,"column":8},"end":{"line":148,"column":9}},"52":{"start":{"line":140,"column":10},"end":{"line":140,"column":47}},"53":{"start":{"line":143,"column":10},"end":{"line":143,"column":78}},"54":{"start":{"line":145,"column":27},"end":{"line":145,"column":43}},"55":{"start":{"line":146,"column":10},"end":{"line":146,"column":100}},"56":{"start":{"line":147,"column":10},"end":{"line":147,"column":33}},"57":{"start":{"line":151,"column":8},"end":{"line":151,"column":28}},"58":{"start":{"line":154,"column":6},"end":{"line":154,"column":54}},"59":{"start":{"line":156,"column":23},"end":{"line":156,"column":39}},"60":{"start":{"line":157,"column":6},"end":{"line":157,"column":96}},"61":{"start":{"line":158,"column":6},"end":{"line":158,"column":29}},"62":{"start":{"line":161,"column":4},"end":{"line":161,"column":27}},"63":{"start":{"line":165,"column":2},"end":{"line":190,"column":50}},"64":{"start":{"line":167,"column":4},"end":{"line":189,"column":5}},"65":{"start":{"line":169,"column":6},"end":{"line":188,"column":14}},"66":{"start":{"line":170,"column":8},"end":{"line":187,"column":19}},"67":{"start":{"line":193,"column":2},"end":{"line":217,"column":124}},"68":{"start":{"line":194,"column":4},"end":{"line":216,"column":5}},"69":{"start":{"line":195,"column":27},"end":{"line":199,"column":7}},"70":{"start":{"line":200,"column":6},"end":{"line":200,"column":33}},"71":{"start":{"line":203,"column":26},"end":{"line":203,"column":67}},"72":{"start":{"line":203,"column":57},"end":{"line":203,"column":66}},"73":{"start":{"line":204,"column":6},"end":{"line":215,"column":7}},"74":{"start":{"line":205,"column":29},"end":{"line":207,"column":9}},"75":{"start":{"line":206,"column":18},"end":{"line":206,"column":64}},"76":{"start":{"line":209,"column":8},"end":{"line":214,"column":9}},"77":{"start":{"line":210,"column":10},"end":{"line":210,"column":40}},"78":{"start":{"line":213,"column":10},"end":{"line":213,"column":48}},"79":{"start":{"line":220,"column":2},"end":{"line":249,"column":72}},"80":{"start":{"line":221,"column":4},"end":{"line":242,"column":5}},"81":{"start":{"line":228,"column":6},"end":{"line":228,"column":28}},"82":{"start":{"line":229,"column":20},"end":{"line":239,"column":14}},"83":{"start":{"line":232,"column":8},"end":{"line":238,"column":9}},"84":{"start":{"line":234,"column":10},"end":{"line":234,"column":25}},"85":{"start":{"line":237,"column":10},"end":{"line":237,"column":33}},"86":{"start":{"line":241,"column":6},"end":{"line":241,"column":53}},"87":{"start":{"line":244,"column":4},"end":{"line":248,"column":6}},"88":{"start":{"line":245,"column":6},"end":{"line":247,"colum
[...]
:3}},{"start":{},"end":{}}],"line":139},"20":{"loc":{"start":{"line":139,"column":6},"end":{"line":139,"column":26}},"type":"binary-expr","locations":[{"start":{"line":139,"column":6},"end":{"line":139,"column":14}},{"start":{"line":139,"column":18},"end":{"line":139,"column":26}}],"line":139},"21":{"loc":{"start":{"line":144,"column":4},"end":{"line":146,"column":5}},"type":"if","locations":[{"start":{"line":144,"column":4},"end":{"line":146,"column":5}},{"start":{},"end":{}}],"line":144},"22":{"loc":{"start":{"line":149,"column":4},"end":{"line":157,"column":5}},"type":"if","locations":[{"start":{"line":149,"column":4},"end":{"line":157,"column":5}},{"start":{"line":154,"column":11},"end":{"line":157,"column":5}}],"line":149},"23":{"loc":{"start":{"line":151,"column":6},"end":{"line":153,"column":7}},"type":"if","locations":[{"start":{"line":151,"column":6},"end":{"line":153,"column":7}},{"start":{},"end":{}}],"line":151},"24":{"loc":{"start":{"line":151,"column":10},"end":{"line":151,"column":34}},"type":"binary-expr","locations":[{"start":{"line":151,"column":10},"end":{"line":151,"column":20}},{"start":{"line":151,"column":24},"end":{"line":151,"column":34}}],"line":151},"25":{"loc":{"start":{"line":154,"column":11},"end":{"line":157,"column":5}},"type":"if","locations":[{"start":{"line":154,"column":11},"end":{"line":157,"column":5}},{"start":{},"end":{}}],"line":154},"26":{"loc":{"start":{"line":165,"column":2},"end":{"line":167,"column":3}},"type":"if","locations":[{"start":{"line":165,"column":2},"end":{"line":167,"column":3}},{"start":{},"end":{}}],"line":165},"27":{"loc":{"start":{"line":183,"column":2},"end":{"line":192,"column":3}},"type":"if","locations":[{"start":{"line":183,"column":2},"end":{"line":192,"column":3}},{"start":{},"end":{}}],"line":183},"28":{"loc":{"start":{"line":185,"column":4},"end":{"line":191,"column":5}},"type":"if","locations":[{"start":{"line":185,"column":4},"end":{"line":191,"column":5}},{"start":{},"end":{}}],"line":185},"29":{"loc":{"start":{"line":230,"column":6},"end":{"line":238,"column":7}},"type":"if","locations":[{"start":{"line":230,"column":6},"end":{"line":238,"column":7}},{"start":{},"end":{}}],"line":230},"30":{"loc":{"start":{"line":241,"column":6},"end":{"line":249,"column":7}},"type":"if","locations":[{"start":{"line":241,"column":6},"end":{"line":249,"column":7}},{"start":{},"end":{}}],"line":241},"31":{"loc":{"start":{"line":252,"column":6},"end":{"line":260,"column":7}},"type":"if","locations":[{"start":{"line":252,"column":6},"end":{"line":260,"column":7}},{"start":{},"end":{}}],"line":252},"32":{"loc":{"start":{"line":278,"column":4},"end":{"line":289,"column":5}},"type":"if","locations":[{"start":{"line":278,"column":4},"end":{"line":289,"column":5}},{"start":{},"end":{}}],"line":278},"33":{"loc":{"start":{"line":280,"column":6},"end":{"line":288,"column":7}},"type":"if","locations":[{"start":{"line":280,"column":6},"end":{"line":288,"column":7}},{"start":{"line":282,"column":13},"end":{"line":288,"column":7}}],"line":280},"34":{"loc":{"start":{"line":282,"column":13},"end":{"line":288,"column":7}},"type":"if","locations":[{"start":{"line":282,"column":13},"end":{"line":288,"column":7}},{"start":{"line":285,"column":13},"end":{"line":288,"column":7}}],"line":282},"35":{"loc":{"start":{"line":291,"column":4},"end":{"line":293,"column":5}},"type":"if","locations":[{"start":{"line":291,"column":4},"end":{"line":293,"column":5}},{"start":{},"end":{}}],"line":291},"36":{"loc":{"start":{"line":306,"column":4},"end":{"line":306,"column":27}},"type":"if","locations":[{"start":{"line":306,"column":4},"end":{"line":306,"column":27}},{"start":{},"end":{}}],"line":306},"37":{"loc":{"start":{"line":308,"column":4},"end":{"line":310,"column":5}},"type":"if","locations":[{"start":{"line":308,"column":4},"end":{"line":310,"column":5}},{"start":{},"end":{}}],"line":308},"38":{"loc":{"start":{"line":321,"column":2},"end":{"line":323,"column":3}},"type":"if","locations":[{"start":{"line":321,"column":2},"end":{"line":323,"column":3}},{"start":{},"end":{}}],"line":321},"39":{"loc":{"start":{"line":322,"column":11},"end":{"line":322,"column":52}},"type":"cond-expr","locations":[{"start":{"line":322,"column":42},"end":{"line":322,"column":46}},{"start":{"line":322,"column":49},"end":{"line":322,"column":52}}],"line":322},"40":{"loc":{"start":{"line":345,"column":2},"end":{"line":352,"column":3}},"type":"if","locations":[{"start":{"line":345,"column":2},"end":{"line":352,"column":3}},{"start":{},"end":{}}],"line":345},"41":{"loc":{"start":{"line":349,"column":4},"end":{"line":351,"column":5}},"type":"if","locations":[{"start":{"line":349,"column":4},"end":{"line":351,"column":5}},{"start":{},"end":{}}],"line":349},"42":{"loc":{"start":{"line":377,"column":2},"end":{"line":383,"column":3}},"type":"if","locations":[{"start":{"line":377,"column":2},"end":{"line":383,"column":3}},{"start":{},"end":{}}],"line":377},"43":{"loc":{"start":{"line":380,"column":6},"end":{"line":381,"column":82}},"type":"binary-expr","locations":[{"start":{"line":380,"column":6},"end":{"line":380,"column":47}},{"start":{"line":381,"column":6},"end":{"line":381,"column":82}}],"line":380},"44":{"loc":{"start":{"line":386,"column":2},"end":{"line":388,"column":3}},"type":"if","locations":[{"start":{"line":386,"column":2},"end":{"line":388,"column":3}},{"start":{},"end":{}}],"line":386},"45":{"loc":{"start":{"line":398,"column":4},"end":{"line":398,"column":58}},"type":"binary-expr","locations":[{"start":{"line":398,"column":4},"end":{"line":398,"column":29}},{"start":{"line":398,"column":33},"end":{"line":398,"column":58}}],"line":398},"46":{"loc":{"start":{"line":402,"column":2},"end":{"line":410,"column":3}},"type":"if","locations":[{"start":{"line":402,"column":2},"end":{"line":410,"column":3}},{"start":{},"end":{}}],"line":402},"47":{"loc":{"start":{"line":403,"column":4},"end":{"line":409,"column":5}},"type":"if","locations":[{"start":{"line":403,"column":4},"end":{"line":409,"column":5}},{"start":{"line":406,"column":11},"end":{"line":409,"column":5}}],"line":403},"48":{"loc":{"start":{"line":414,"column":13},"end":{"line":414,"column":85}},"type":"binary-expr","locations":[{"start":{"line":414,"column":13},"end":{"line":414,"column":39}},{"start":{"line":414,"column":43},"end":{"line":414,"column":85}}],"line":414},"49":{"loc":{"start":{"line":417,"column":2},"end":{"line":423,"column":3}},"type":"if","locations":[{"start":{"line":417,"column":2},"end":{"line":423,"column":3}},{"start":{},"end":{}}],"line":417},"50":{"loc":{"start":{"line":426,"column":2},"end":{"line":431,"column":3}},"type":"if","locations":[{"start":{"line":426,"column":2},"end":{"line":431,"column":3}},{"start":{},"end":{}}],"line":426},"51":{"loc":{"start":{"line":435,"column":2},"end":{"line":469,"column":3}},"type":"if","locations":[{"start":{"line":435,"column":2},"end":{"line":469,"column":3}},{"start":{},"end":{}}],"line":435},"52":{"loc":{"start":{"line":435,"column":6},"end":{"line":435,"column":82}},"type":"binary-expr","locations":[{"start":{"line":435,"column":6},"end":{"line":435,"column":33}},{"start":{"line":435,"column":37},"end":{"line":435,"column":82}}],"line":435},"53":{"loc":{"start":{"line":438,"column":6},"end":{"line":438,"column":60}},"type":"binary-expr","locations":[{"start":{"line":438,"column":6},"end":{"line":438,"column":31}},{"start":{"line":438,"column":35},"end":{"line":438,"column":60}}],"line":438},"54":{"loc":{"start":{"line":450,"column":4},"end":{"line":452,"column":5}},"type":"if","locations":[{"start":{"line":450,"column":4},"end":{"line":452,"column":5}},{"start":{},"end":{}}],"line":450},"55":{"loc":{"start":{"line":450,"column":8},"end":{"line":450,"column":74}},"type":"binary-expr","locations":[{"start":{"line":450,"column":8},"end":{"line":450,"column":34}},{"start":{"line":450,"column":38},"end":{"line":450,"column":74}}],"line":450},"56":{"loc":{"start":{"line":459,"column":4},"end":{"line":461,"column":5}},"type":"if","locations":[{"start":{"line":459,"column":4},"end":{"line":461,"column":5}},{"start":{},"end":{}}],"line":459},"57":{"loc":{"start":{"line":483,"column":4},"end":{"line":485,"column":5}},"type":"if","locations":[{"start":{"line":483,"column":4},"end":{"line":485,"column":5}},{"start":{},"end":{}}],"line":483},"58":{"loc":{"start":{"line":492,"column":2},"end":{"line":531,"column":3}},"type":"if","locations":[{"start":{"line":492,"column":2},"end":{"line":531,"column":3}},{"start":{"line":494,"column":9},"end":{"line":531,"column":3}}],"line":492},"59":{"loc":{"start":{"line":494,"column":9},"end":{"line":531,"column":3}},"type":"if","locations":[{"start":{"line":494,"column":9},"end":{"line":531,"column":3}},{"start":{"line":499,"column":9},"end":{"line":531,"column":3}}],"line":494},"60":{"loc":{"start":{"line":496,"column":4},"end":{"line":498,"column":5}},"type":"if","locations":[{"start":{"line":496,"column":4},"end":{"line":498,"column":5}},{"start":{},"end":{}}],"line":496},"61":{"loc":{"start":{"line":499,"column":9},"end":{"line":531,"column":3}},"type":"if","locations":[{"start":{"line":499,"column":9},"end":{"line":531,"column":3}},{"start":{"line":504,"column":9},"end":{"line":531,"column":3}}],"line":499},"62":{"loc":{"start":{"line":501,"column":4},"end":{"line":503,"column":5}},"type":"if","locations":[{"start":{"line":501,"column":4},"end":{"line":503,"column":5}},{"start":{},"end":{}}],"line":501},"63":{"loc":{"start":{"line":501,"column":8},"end":{"line":501,"column":74}},"type":"binary-expr","locations":[{"start":{"line":501,"column":8},"end":{"line":501,"column":39}},{"start":{"line":501,"column":43},"end":{"line":501,"column":74}}],"line":501},"64":{"loc":{"start":{"line":504,"column":9},"end":{"line":531,"column":3}},"type":"if","locations":[{"start":{"line":504,"column":9},"end":{"line":531,"column":3}},{"start":{},"end":{}}],"line":504},"65":{"loc":{"start":{"line":506,"column":4},"end":{"line":510,"column":5}},"type":"if","locations":[{"start":{"line":506,"column":4},"end":{"line":510,"column":5}},{"start":{},"end":{}}],"line":506},"66":{"loc":{"start":{"line":506,"column":8},"end":{"line":508,"column":39}},"type":"binary-expr","locations":[{"start":{"line":506,"column":8},"end":{"line":506,"column":39}},{"start":{"line":507,"column":8},"end":{"line":507,"column":39}},{"start":{"line":508,"column":8},"end":{"line":508,"column":39}}],"line":506},"67":{"loc":{"start":{"line":513,"column":4},"end":{"line":530,"column":5}},"type":"if","locations":[{"start":{"line":513,"column":4},"end":{"line":530,"column":5}},{"start":{},"end":{}}],"line":513},"68":{"loc":{"start":{"line":513,"column":8},"end":{"line":514,"column":39}},"type":"binary-expr","locations":[{"start":{"line":513,"column":8},"end":{"line":513,"column":39}},{"start":{"line":514,"column":8},"end":{"line":514,"column":39}}],"line":513},"69":{"loc":{"start":{"line":516,"column":23},"end":{"line":517,"column":70}},"type":"binary-expr","locations":[{"start":{"line":516,"column":23},"end":{"line":516,"column":36}},{"start":{"line":517,"column":22},"end":{"line":517,"column":70}}],"line":516},"70":{"loc":{"start":{"line":519,"column":6},"end":{"line":529,"column":7}},"type":"if","locations":[{"start":{"line":519,"column":6},"end":{"line":529,"column":7}},{"start":{},"end":{}}],"line":519},"71":{"loc":{"start":{"line":525,"column":8},"end":{"line":528,"column":9}},"type":"if","locations":[{"start":{"line":525,"column":8},"end":{"line":528,"column":9}},{"start":{},"end":{}}],"line":525},"72":{"loc":{"start":{"line":525,"column":12},"end":{"line":526,"column":57}},"type":"binary-expr","locations":[{"start":{"line":525,"column":12},"end":{"line":525,"column":42}},{"start":{"line":526,"column":12},"end":{"line":526,"column":57}}],"line":525},"73":{"loc":{"start":{"line":553,"column":4},"end":{"line":553,"column":56}},"type":"if","locations":[{"start":{"line":553,"column":4},"end":{"line":553,"column":56}},{"start":{},"end":{}}],"line":553},"74":{"loc":{"start":{"line":559,"column":4},"end":{"line":562,"column":5}},"type":"if","locations":[{"start":{"line":559,"column":4},"end":{"line":562,"column":5}},{"start":{},"end":{}}],"line":559},"75":{"loc":{"start":{"line":571,"column":2},"end":{"line":573,"column":3}},"type":"if","locations":[{"start":{"line":571,"column":2},"end":{"line":573,"column":3}},{"start":{},"end":{}}],"line":571},"76":{"loc":{"start":{"line":580,"column":2},"end":{"line":582,"column":3}},"type":"if","locations":[{"start":{"line":580,"column":2},"end":{"line":582,"column":3}},{"start":{},"end":{}}],"line":580},"77":{"loc":{"start":{"line":589,"column":2},"end":{"line":589,"column":38}},"type":"if","locations":[{"start":{"line":589,"column":2},"end":{"line":589,"column":38}},{"start":{},"end":{}}],"line":589},"78":{"loc":{"start":{"line":589,"column":6},"end":{"line":589,"column":27}},"type":"binary-expr","locations":[{"start":{"line":589,"column":6},"end":{"line":589,"column":14}},{"start":{"line":589,"column":18},"end":{"line":589,"column":27}}],"line":589},"79":{"loc":{"start":{"line":590,"column":2},"end":{"line":590,"column":39}},"type":"if","locations":[{"start":{"line":590,"column":2},"end":{"line":590,"column":39}},{"start":{},"end":{}}],"line":590},"80":{"loc":{"start":{"line":590,"column":6},"end":{"line":590,"column":27}},"type":"binary-expr","locations":[{"start":{"line":590,"column":6},"end":{"line":590,"column":15}},{"start":{"line":590,"column":19},"end":{"line":590,"column":27}}],"line":590},"81":{"loc":{"start":{"line":595,"column":2},"end":{"line":603,"column":3}},"type":"if","locations":[{"start":{"line":595,"column":2},"end":{"line":603,"column":3}},{"start":{},"end":{}}],"line":595},"82":{"loc":{"start":{"line":595,"column":6},"end":{"line":597,"column":60}},"type":"binary-expr","locations":[{"start":{"line":595,"column":7},"end":{"line":595,"column":31}},{"start":{"line":595,"column":35},"end":{"line":595,"column":59}},{"start":{"line":596,"column":7},"end":{"line":596,"column":34}},{"start":{"line":596,"column":38},"end":{"line":596,"column":65}},{"start":{"line":597,"column":7},"end":{"line":597,"column":31}},{"start":{"line":597,"column":35},"end":{"line":597,"column":59}}],"line":595},"83":{"loc":{"start":{"line":600,"column":4},"end":{"line":602,"column":5}},"type":"if","locations":[{"start":{"line":600,"column":4},"end":{"line":602,"column":5}},{"start":{},"end":{}}],"line":600},"84":{"loc":{"start":{"line":600,"column":8},"end":{"line":600,"column":40}},"type":"binary-expr","locations":[{"start":{"line":600,"column":8},"end":{"line":600,"column":22}},{"start":{"line":600,"column":26},"end":{"line":600,"column":40}}],"line":600},"85":{"loc":{"start":{"line":606,"column":2},"end":{"line":617,"column":3}},"type":"if","locations":[{"start":{"line":606,"column":2},"end":{"line":617,"column":3}},{"start":{},"end":{}}],"line":606},"86":{"loc":{"start":{"line":606,"column":6},"end":{"line":606,"column":64}},"type":"binary-expr","locations":[{"start":{"line":606,"column":6},"end":{"line":606,"column":33}},{"start":{"line":606,"column":37},"end":{"line":606,"column":64}}],"line":606},"87":{"loc":{"start":{"line":609,"column":6},"end":{"line":609,"column":57}},"type":"cond-expr","locations":[{"start":{"line":609,"column":47},"end":{"line":609,"column":50}},{"start":{"line":609,"column":53},"end":{"line":609,"column":57}}],"line":609},"88":{"loc":{"start":{"line":613,"column":6},"end":{"line":613,"column":57}},"type":"cond-expr","locations":[{"start":{"line":613,"column":47},"end":{"line":613,"column":50}},{"start":{"line":613,"column":53},"end":{"line":613,"column":57}}],"line":613},"89":{"loc":{"start":{"line":622,"column":4},"end":{"line":622,"column":55}},"type":"cond-expr","locations":[{"start":{"line":622,"column":45},"end":{"line":622,"column":48}},{"start":{"line":622,"column":51},"end":{"line":622,"column":55}}],"line":622},"90":{"loc":{"start":{"line":626,"column":4},"end":{"line":626,"column":55}},"type":"cond-expr","locations":[{"start":{"line":626,"column":45},"end":{"line":626,"column":48}},{"start":{"line":626,"column":51},"end":{"line":626,"column":55}}],"line":626}},"s":{"0":3,"1":0,"2":0,"3":0,"4":0,"5":0,"6":0,"7":0,"8":0,"9":0,"10":0,"11":0,"12":0,"13":0,"14":0,"15":3,"16":0,"17":0,"18":0,"19":0,"20":0,"21":0,"22":3,"23":0,"24":0,"25":0,"26":0,"27":0,"28":0,"29":0,"30":0,"31":0,"32":3,"33":235,"34":0,"35":235,"36":15,"37":220,"38":3,"39":217,"40":3,"41":4,"42":0,"43":4,"44":0,"45":4,"46":0,"47":4,"48":1,"49":3,"50":2,"51":1,"52":1,"53":0,"54":3,"55":10,"56":10,"57":10,"58":1,"59":9,"60":2,"61":7,"62":2,"63":2,"64":2,"65":2,"66":0,"67":0,"68":0,"69":0,"70":0,"71":0,"72":5,"73":5,"74":0,"75":3,"76":0,"77":0,"78":0,"79":0,"80":0,"81":0,"82":3,"83":5,"84":5,"85":3,"86":25,"87":25,"88":25,"89":43,"90":25,"91":31,"92":31,"93":37,"94":6,"95":6,"96":6,"97":37,"98":0,"99":0,"100":0,"101":37,"102":0,"103":0,"104":0,"105":31,"106":31,"107":25,"108":3,"109":25,"110":25,"111":43,"112":43,"113":43,"114":3,"115":40,"116":0,"117":40,"118":43,"119":31,"120":43,"121":25,"122":3,"123":31,"124":31,"125":43,"126":0,"127":43,"128":37,"129":43,"130":31,"131":3,"132":49,"133":0,"134":49,"135":49,"136":49,"137":3,"138":3,"139":0,"140":49,"141":3,"142":3,"143":3,"144":18,"145":1,"146":1,"147":1,"148":1,"149":1,"150":17,"151":1,"152":16,"153":16,"154":16,"155":31,"156":16,"157":53,"158":16,"159":53,"160":16,"161":0,"162":0,"163":0,"164":0,"165":16,"166":22,"167":16,"168":5,"169":5,"170":9,"171":13,"172":5,"173":11,"174":0,"175":0,"176":0,"177":11,"178":6,"179":15,"180":6,"181":8,"182":6,"183":6,"184":6,"185":4,"186":2,"187":2,"188":2,"189":0,"190":2,"191":5,"192":9,"193":2,"194":5,"195":7,"196":13,"197":5,"198":3,"199":27,"200":27,"201":27,"202":0,"203":3,"204":23,"205":10,"206":13,"207":10,"208":10,"209":3,"210":3,"211":3,"212":0,"213":0,"214":0,"215":0,"216":0,"217":0,"218":0,"219":0,"220":0,"221":0,"222":0,"223":0,"224":0,"225":0,"226":3,"227":0,"228":0,"229":3,"230":1,"231":1,"232":1,"233":4,"234":1,"235":3,"236":3,"237":0,"238":0,"239":1,"240":3,"241":3,"242":0,"243":3,"244":3,"245":3,"246":3,"247":0,"248":0,"249":0,"250":0,"251":0,"252":0,"253":0,"254":0,"255":0,"256":0,"257":0,"258":0,"259":0,"260":0,"261":0,"262":0,"263":0,"264":0,"265":0,"266":0,"267":0,"268":0,"269":3,"270":1,"271":1,"272":1,"273":1,"274":4,"275":4,"276":1,"277":3,"278":0,"279":0,"280":0,"281":0,"282":0},"f":{"0":0,"1":0,"2":0,"3":0,"4":0,"5":0,"6":235,"7":4,"8":10,"9":0,"10":5,"11":25,"12":43,"13":31,"14":37,"15":25,"16":43,"17":31,"18":43,"19":49,"20":31,"21":31,"22":18,"23":1,"24":1,"25":1,"26":31,"27":53,"28":53,"29":0,"30":22,"31":5,"32":9,"33":13,"34":0,"35":0,"36":15,"37":8,"38":6,"39":5,"40":9,"41":7,"42":13,"43":27,"44":23,"45":0,"46":0,"47":0,"48":0,"49":1,"50":4,"51":3,"52":0,"53":0,"54":0,"55":0,"56":0,"57":0,"58":1,"59":1,"60":4,"61":4,"62":0},"b":{"0":[0,0],"1":[0,0],"2":[0,0],"3":[0,235],"4":[15,220],"5":[3,217],"6":[220,111],"7":[0,4],"8":[0,4],"9":[0,4],"10":[1,3],"11":[4,3],"12":[2,1],"13":[1,0],"14":[1,1],"15":[1,9],"16":[10,3],"17":[2,7],"18":[9,7],"19":[2,5],"20":[7,2],"21":[2,0],"22":[0,0],"23":[0,0],"24":[0,0],"25":[0,0],"26":[5,0],"27":[0,0],"28":[0,0],"29":[6,31],"30":[0,37],"31":[0,37],"32":[43,0],"33":[3,40],"34":[0,40],"35":[31,12],"36":[0,43],"37":[37,6],"38":[0,49],"39":[0,0],"40":[3,46],"41":[0,3],"42":[1,17],"43":[1,1],"44":[1,16],"45":[53,18],"46":[0,16],"47":[0,0],"48":[22,5],"49":[5,11],"50":[0,11],"51":[6,5],"52":[11,6],"53":[15,4],"54":[4,2],"55":[6,2],"56":[0,2],"57":[27,0],"58":[10,13],"59":[10,3],"60":[10,0],"61":[3,0],"62":[3,0],"63":[3,3],"64":[0,0],"65":[0,0],"66":[0,0,0],"67":[0,0],"68":[0,0],"69":[0,0],"70":[0,0],"71":[0,0],"72":[0,0],"73":[1,3],"74":[0,3],"75":[0,3],"76":[3,0],"77":[0,0],"78":[0,0],"79":[0,0],"80":[0,0],"81":[0,0],"82":[0,0,0,0,0,0],"83":[0,0],"84":[0,0],"85":[0,0],"86":[0,0],"87":[0,0],"88":[0,0],"89":[0,0],"90":[0,0]},"_coverageSchema":"1a1c01bbd47fc00a2c39e90264f33305004495a9","hash":"a84a64e739aa21e61eb3a7741f03821ef6d39ee6"}
}
