TN:
SF:src/components/AnimatedCard.tsx
FN:25,(anonymous_0)
FN:43,(anonymous_1)
FN:59,(anonymous_2)
FN:77,(anonymous_3)
FN:86,(anonymous_4)
FN:101,(anonymous_5)
FN:116,(anonymous_6)
FN:119,(anonymous_7)
FN:133,(anonymous_8)
FN:294,(anonymous_9)
FN:317,(anonymous_10)
FNF:11
FNH:0
FNDA:0,(anonymous_0)
FNDA:0,(anonymous_1)
FNDA:0,(anonymous_2)
FNDA:0,(anonymous_3)
FNDA:0,(anonymous_4)
FNDA:0,(anonymous_5)
FNDA:0,(anonymous_6)
FNDA:0,(anonymous_7)
FNDA:0,(anonymous_8)
FNDA:0,(anonymous_9)
FNDA:0,(anonymous_10)
DA:25,0
DA:37,0
DA:38,0
DA:39,0
DA:40,0
DA:43,0
DA:44,0
DA:46,0
DA:49,0
DA:52,0
DA:54,0
DA:59,0
DA:60,0
DA:62,0
DA:64,0
DA:66,0
DA:68,0
DA:70,0
DA:72,0
DA:77,0
DA:78,0
DA:79,0
DA:82,0
DA:86,0
DA:87,0
DA:89,0
DA:92,0
DA:96,0
DA:101,0
DA:102,0
DA:104,0
DA:105,0
DA:106,0
DA:109,0
DA:110,0
DA:111,0
DA:116,0
DA:117,0
DA:119,0
DA:121,0
DA:125,0
DA:127,0
DA:133,0
DA:134,0
DA:147,0
DA:148,0
DA:244,0
DA:245,0
DA:246,0
DA:248,0
DA:250,0
DA:251,0
DA:254,0
DA:256,0
DA:295,0
DA:318,0
DA:346,0
DA:348,0
DA:350,0
DA:352,0
DA:353,0
DA:354,0
DA:363,0
DA:410,0
LF:64
LH:0
BRDA:29,0,0,0
BRDA:30,1,0,0
BRDA:31,2,0,0
BRDA:32,3,0,0
BRDA:33,4,0,0
BRDA:34,5,0,0
BRDA:44,6,0,0
BRDA:44,6,1,0
BRDA:46,7,0,0
BRDA:46,7,1,0
BRDA:46,7,2,0
BRDA:46,7,3,0
BRDA:46,7,4,0
BRDA:60,8,0,0
BRDA:60,8,1,0
BRDA:60,9,0,0
BRDA:60,9,1,0
BRDA:62,10,0,0
BRDA:62,10,1,0
BRDA:62,10,2,0
BRDA:62,10,3,0
BRDA:62,10,4,0
BRDA:78,11,0,0
BRDA:78,11,1,0
BRDA:79,12,0,0
BRDA:79,12,1,0
BRDA:82,13,0,0
BRDA:82,13,1,0
BRDA:87,14,0,0
BRDA:87,14,1,0
BRDA:102,15,0,0
BRDA:102,15,1,0
BRDA:117,16,0,0
BRDA:117,16,1,0
BRDA:147,17,0,0
BRDA:147,17,1,0
BRDA:248,18,0,0
BRDA:248,18,1,0
BRDA:250,19,0,0
BRDA:250,19,1,0
BRDA:251,20,0,0
BRDA:251,20,1,0
BRDA:254,21,0,0
BRDA:254,21,1,0
BRDA:346,22,0,0
BRDA:346,22,1,0
BRDA:350,23,0,0
BRDA:350,23,1,0
BRF:48
BRH:0
end_of_record
TN:
SF:src/components/BasicThemedComponents.tsx
FN:5,ThemedText
FN:35,ThemedView
FNF:2
FNH:0
FNDA:0,ThemedText
FNDA:0,ThemedView
DA:16,0
DA:17,0
DA:21,0
DA:31,0
DA:44,0
DA:45,0
DA:49,0
DA:52,0
LF:8
LH:0
BRDA:6,0,0,0
BRDA:17,1,0,0
BRDA:17,1,1,0
BRDA:18,2,0,0
BRDA:18,2,1,0
BRDA:19,3,0,0
BRDA:19,3,1,0
BRDA:23,4,0,0
BRDA:23,4,1,0
BRDA:24,5,0,0
BRDA:24,5,1,0
BRDA:25,6,0,0
BRDA:25,6,1,0
BRDA:26,7,0,0
BRDA:26,7,1,0
BRDA:45,8,0,0
BRDA:45,8,1,0
BRDA:46,9,0,0
BRDA:46,9,1,0
BRDA:47,10,0,0
BRDA:47,10,1,0
BRF:21
BRH:0
end_of_record
TN:
SF:src/components/CardPlayArea.tsx
FN:16,(anonymous_0)
FN:33,(anonymous_1)
FN:34,(anonymous_2)
FN:39,(anonymous_3)
FN:44,(anonymous_4)
FN:64,(anonymous_5)
FN:73,(anonymous_6)
FN:78,(anonymous_7)
FN:88,(anonymous_8)
FN:89,(anonymous_9)
FN:90,(anonymous_10)
FN:91,(anonymous_11)
FN:106,(anonymous_12)
FN:126,(anonymous_13)
FN:151,(anonymous_14)
FN:171,(anonymous_15)
FN:199,(anonymous_16)
FN:219,(anonymous_17)
FN:243,(anonymous_18)
FN:263,(anonymous_19)
FNF:20
FNH:0
FNDA:0,(anonymous_0)
FNDA:0,(anonymous_1)
FNDA:0,(anonymous_2)
FNDA:0,(anonymous_3)
FNDA:0,(anonymous_4)
FNDA:0,(anonymous_5)
FNDA:0,(anonymous_6)
FNDA:0,(anonymous_7)
FNDA:0,(anonymous_8)
FNDA:0,(anonymous_9)
FNDA:0,(anonymous_10)
FNDA:0,(anonymous_11)
FNDA:0,(anonymous_12)
FNDA:0,(anonymous_13)
FNDA:0,(anonymous_14)
FNDA:0,(anonymous_15)
FNDA:0,(anonymous_16)
FNDA:0,(anonymous_17)
FNDA:0,(anonymous_18)
FNDA:0,(anonymous_19)
DA:16,0
DA:22,0
DA:23,0
DA:33,0
DA:34,0
DA:35,0
DA:39,0
DA:40,0
DA:44,0
DA:47,0
DA:48,0
DA:49,0
DA:50,0
DA:57,0
DA:58,0
DA:59,0
DA:60,0
DA:63,0
DA:64,0
DA:65,0
DA:66,0
DA:67,0
DA:68,0
DA:69,0
DA:73,0
DA:74,0
DA:76,0
DA:78,0
DA:79,0
DA:80,0
DA:81,0
DA:82,0
DA:83,0
DA:88,0
DA:89,0
DA:90,0
DA:91,0
DA:93,0
DA:107,0
DA:126,0
DA:152,0
DA:171,0
DA:200,0
DA:219,0
DA:244,0
DA:263,0
DA:285,0
LF:47
LH:0
BRDA:22,0,0,0
BRDA:22,0,1,0
BRDA:35,1,0,0
BRDA:35,1,1,0
BRDA:47,2,0,0
BRDA:47,2,1,0
BRDA:48,3,0,0
BRDA:48,3,1,0
BRDA:49,4,0,0
BRDA:49,4,1,0
BRDA:66,5,0,0
BRDA:66,5,1,0
BRDA:67,6,0,0
BRDA:67,6,1,0
BRDA:68,7,0,0
BRDA:68,7,1,0
BRDA:69,8,0,0
BRDA:69,8,1,0
BRDA:80,9,0,0
BRDA:80,9,1,0
BRDA:81,10,0,0
BRDA:81,10,1,0
BRDA:82,11,0,0
BRDA:82,11,1,0
BRDA:83,12,0,0
BRDA:83,12,1,0
BRDA:97,13,0,0
BRDA:97,13,1,0
BRDA:103,14,0,0
BRDA:103,14,1,0
BRDA:118,15,0,0
BRDA:118,15,1,0
BRDA:122,16,0,0
BRDA:122,16,1,0
BRDA:122,16,2,0
BRDA:122,16,3,0
BRDA:126,17,0,0
BRDA:126,17,1,0
BRDA:126,18,0,0
BRDA:126,18,1,0
BRDA:142,19,0,0
BRDA:142,19,1,0
BRDA:148,20,0,0
BRDA:148,20,1,0
BRDA:163,21,0,0
BRDA:163,21,1,0
BRDA:167,22,0,0
BRDA:167,22,1,0
BRDA:167,22,2,0
BRDA:167,22,3,0
BRDA:171,23,0,0
BRDA:171,23,1,0
BRDA:171,24,0,0
BRDA:171,24,1,0
BRDA:190,25,0,0
BRDA:190,25,1,0
BRDA:196,26,0,0
BRDA:196,26,1,0
BRDA:211,27,0,0
BRDA:211,27,1,0
BRDA:215,28,0,0
BRDA:215,28,1,0
BRDA:215,28,2,0
BRDA:215,28,3,0
BRDA:219,29,0,0
BRDA:219,29,1,0
BRDA:219,30,0,0
BRDA:219,30,1,0
BRDA:234,31,0,0
BRDA:234,31,1,0
BRDA:240,32,0,0
BRDA:240,32,1,0
BRDA:255,33,0,0
BRDA:255,33,1,0
BRDA:259,34,0,0
BRDA:259,34,1,0
BRDA:259,34,2,0
BRDA:259,34,3,0
BRDA:263,35,0,0
BRDA:263,35,1,0
BRDA:263,36,0,0
BRDA:263,36,1,0
BRDA:276,37,0,0
BRDA:276,37,1,0
BRDA:276,37,2,0
BRDA:276,37,3,0
BRDA:276,37,4,0
BRDA:307,38,0,0
BRDA:307,38,1,0
BRDA:319,39,0,0
BRDA:319,39,1,0
BRDA:357,40,0,0
BRDA:357,40,1,0
BRDA:379,41,0,0
BRDA:379,41,1,0
BRF:95
BRH:0
end_of_record
TN:
SF:src/components/GameStatus.tsx
FN:12,(anonymous_0)
FN:23,(anonymous_1)
FN:39,(anonymous_2)
FN:92,(anonymous_3)
FNF:4
FNH:0
FNDA:0,(anonymous_0)
FNDA:0,(anonymous_1)
FNDA:0,(anonymous_2)
FNDA:0,(anonymous_3)
DA:12,0
DA:19,0
DA:20,0
DA:23,0
DA:24,0
DA:39,0
DA:40,0
DA:56,0
DA:61,0
DA:66,0
DA:93,0
DA:148,0
LF:12
LH:0
BRDA:85,0,0,0
BRDA:85,0,1,0
BRDA:97,1,0,0
BRDA:97,1,1,0
BRDA:105,2,0,0
BRDA:105,2,1,0
BRDA:108,3,0,0
BRDA:108,3,1,0
BRDA:124,4,0,0
BRDA:124,4,1,0
BRDA:124,5,0,0
BRDA:124,5,1,0
BRDA:136,6,0,0
BRDA:136,6,1,0
BRDA:152,7,0,0
BRDA:152,7,1,0
BRDA:153,8,0,0
BRDA:153,8,1,0
BRDA:157,9,0,0
BRDA:157,9,1,0
BRDA:165,10,0,0
BRDA:165,10,1,0
BRDA:166,11,0,0
BRDA:166,11,1,0
BRF:24
BRH:0
end_of_record
TN:
SF:src/components/PlayerHand.tsx
FN:17,(anonymous_0)
FN:27,(anonymous_1)
FN:57,(anonymous_2)
FN:58,(anonymous_3)
FN:61,(anonymous_4)
FN:65,(anonymous_5)
FN:92,(anonymous_6)
FN:128,(anonymous_7)
FN:140,(anonymous_8)
FNF:9
FNH:0
FNDA:0,(anonymous_0)
FNDA:0,(anonymous_1)
FNDA:0,(anonymous_2)
FNDA:0,(anonymous_3)
FNDA:0,(anonymous_4)
FNDA:0,(anonymous_5)
FNDA:0,(anonymous_6)
FNDA:0,(anonymous_7)
FNDA:0,(anonymous_8)
DA:17,0
DA:27,0
DA:29,0
DA:30,0
DA:33,0
DA:34,0
DA:36,0
DA:37,0
DA:40,0
DA:41,0
DA:42,0
DA:46,0
DA:47,0
DA:51,0
DA:54,0
DA:57,0
DA:58,0
DA:61,0
DA:62,0
DA:66,0
DA:92,0
DA:93,0
DA:101,0
DA:103,0
DA:110,0
DA:117,0
DA:124,0
DA:128,0
DA:129,0
DA:131,0
DA:141,0
DA:158,0
DA:159,0
DA:161,0
DA:165,0
LF:35
LH:0
BRDA:29,0,0,0
BRDA:29,0,1,0
BRDA:29,1,0,0
BRDA:29,1,1,0
BRDA:30,2,0,0
BRDA:30,2,1,0
BRDA:30,3,0,0
BRDA:30,3,1,0
BRDA:36,4,0,0
BRDA:36,4,1,0
BRDA:36,5,0,0
BRDA:36,5,1,0
BRDA:37,6,0,0
BRDA:37,6,1,0
BRDA:37,7,0,0
BRDA:37,7,1,0
BRDA:40,8,0,0
BRDA:40,8,1,0
BRDA:40,9,0,0
BRDA:40,9,1,0
BRDA:40,9,2,0
BRDA:46,10,0,0
BRDA:46,10,1,0
BRDA:46,11,0,0
BRDA:46,11,1,0
BRDA:71,12,0,0
BRDA:71,12,1,0
BRDA:78,13,0,0
BRDA:78,13,1,0
BRDA:101,14,0,0
BRDA:101,14,1,0
BRDA:101,14,2,0
BRDA:101,14,3,0
BRDA:135,15,0,0
BRDA:135,15,1,0
BRDA:136,16,0,0
BRDA:136,16,1,0
BRDA:158,17,0,0
BRDA:158,17,1,0
BRF:39
BRH:0
end_of_record
TN:
SF:src/components/PlayerHandAnimated.tsx
FN:20,(anonymous_0)
FN:31,(anonymous_1)
FN:83,(anonymous_2)
FN:127,(anonymous_3)
FN:146,(anonymous_4)
FN:147,(anonymous_5)
FN:186,(anonymous_6)
FN:258,(anonymous_7)
FNF:8
FNH:0
FNDA:0,(anonymous_0)
FNDA:0,(anonymous_1)
FNDA:0,(anonymous_2)
FNDA:0,(anonymous_3)
FNDA:0,(anonymous_4)
FNDA:0,(anonymous_5)
FNDA:0,(anonymous_6)
FNDA:0,(anonymous_7)
DA:18,0
DA:20,0
DA:31,0
DA:33,0
DA:34,0
DA:36,0
DA:37,0
DA:40,0
DA:41,0
DA:43,0
DA:47,0
DA:48,0
DA:50,0
DA:51,0
DA:54,0
DA:55,0
DA:57,0
DA:58,0
DA:59,0
DA:64,0
DA:67,0
DA:68,0
DA:69,0
DA:73,0
DA:74,0
DA:75,0
DA:82,0
DA:83,0
DA:84,0
DA:87,0
DA:92,0
DA:93,0
DA:97,0
DA:102,0
DA:103,0
DA:106,0
DA:108,0
DA:111,0
DA:112,0
DA:113,0
DA:117,0
DA:118,0
DA:119,0
DA:126,0
DA:127,0
DA:128,0
DA:131,0
DA:135,0
DA:136,0
DA:140,0
DA:143,0
DA:146,0
DA:147,0
DA:151,0
DA:153,0
DA:154,0
DA:155,0
DA:158,0
DA:161,0
DA:162,0
DA:165,0
DA:187,0
DA:229,0
DA:230,0
DA:231,0
DA:233,0
DA:260,0
DA:270,0
DA:272,0
DA:278,0
DA:280,0
DA:286,0
DA:288,0
DA:296,0
DA:319,0
LF:75
LH:0
BRDA:28,0,0,0
BRDA:33,1,0,0
BRDA:33,1,1,0
BRDA:33,2,0,0
BRDA:33,2,1,0
BRDA:34,3,0,0
BRDA:34,3,1,0
BRDA:36,4,0,0
BRDA:36,4,1,0
BRDA:36,5,0,0
BRDA:36,5,1,0
BRDA:37,6,0,0
BRDA:37,6,1,0
BRDA:37,7,0,0
BRDA:37,7,1,0
BRDA:43,8,0,0
BRDA:43,8,1,0
BRDA:43,9,0,0
BRDA:43,9,1,0
BRDA:50,10,0,0
BRDA:50,10,1,0
BRDA:50,11,0,0
BRDA:50,11,1,0
BRDA:51,12,0,0
BRDA:51,12,1,0
BRDA:51,13,0,0
BRDA:51,13,1,0
BRDA:54,14,0,0
BRDA:54,14,1,0
BRDA:54,15,0,0
BRDA:54,15,1,0
BRDA:55,16,0,0
BRDA:55,16,1,0
BRDA:55,17,0,0
BRDA:55,17,1,0
BRDA:57,18,0,0
BRDA:57,18,1,0
BRDA:58,19,0,0
BRDA:58,19,1,0
BRDA:58,20,0,0
BRDA:58,20,1,0
BRDA:59,21,0,0
BRDA:59,21,1,0
BRDA:59,22,0,0
BRDA:59,22,1,0
BRDA:68,23,0,0
BRDA:68,23,1,0
BRDA:68,24,0,0
BRDA:68,24,1,0
BRDA:74,25,0,0
BRDA:74,25,1,0
BRDA:92,26,0,0
BRDA:92,26,1,0
BRDA:92,27,0,0
BRDA:92,27,1,0
BRDA:102,28,0,0
BRDA:102,28,1,0
BRDA:102,29,0,0
BRDA:102,29,1,0
BRDA:103,30,0,0
BRDA:103,30,1,0
BRDA:103,31,0,0
BRDA:103,31,1,0
BRDA:106,32,0,0
BRDA:106,32,1,0
BRDA:106,33,0,0
BRDA:106,33,1,0
BRDA:106,33,2,0
BRDA:112,34,0,0
BRDA:112,34,1,0
BRDA:112,35,0,0
BRDA:112,35,1,0
BRDA:118,36,0,0
BRDA:118,36,1,0
BRDA:135,37,0,0
BRDA:135,37,1,0
BRDA:135,38,0,0
BRDA:135,38,1,0
BRDA:151,39,0,0
BRDA:151,39,1,0
BRDA:180,40,0,0
BRDA:180,40,1,0
BRDA:192,41,0,0
BRDA:192,41,1,0
BRDA:199,42,0,0
BRDA:199,42,1,0
BRDA:212,43,0,0
BRDA:212,43,1,0
BRDA:212,43,2,0
BRDA:212,43,3,0
BRDA:219,44,0,0
BRDA:219,44,1,0
BRDA:235,45,0,0
BRDA:235,45,1,0
BRDA:236,46,0,0
BRDA:236,46,1,0
BRDA:237,47,0,0
BRDA:237,47,1,0
BRDA:242,48,0,0
BRDA:242,48,1,0
BRDA:243,49,0,0
BRDA:243,49,1,0
BRDA:244,50,0,0
BRDA:244,50,1,0
BRDA:247,51,0,0
BRDA:247,51,1,0
BRDA:254,52,0,0
BRDA:254,52,1,0
BRDA:255,53,0,0
BRDA:255,53,1,0
BRDA:256,54,0,0
BRDA:256,54,1,0
BRDA:270,55,0,0
BRDA:270,55,1,0
BRDA:278,56,0,0
BRDA:278,56,1,0
BRDA:286,57,0,0
BRDA:286,57,1,0
BRF:118
BRH:0
end_of_record
TN:
SF:src/screens/EnhancedGameScreen.tsx
FN:35,(anonymous_0)
FN:74,(anonymous_1)
FN:76,(anonymous_2)
FN:77,(anonymous_3)
FN:90,(anonymous_4)
FN:101,(anonymous_5)
FN:115,(anonymous_6)
FN:165,(anonymous_7)
FN:169,(anonymous_8)
FN:193,(anonymous_9)
FN:203,(anonymous_10)
FN:206,(anonymous_11)
FN:220,(anonymous_12)
FN:229,(anonymous_13)
FN:244,(anonymous_14)
FN:252,(anonymous_15)
FN:254,(anonymous_16)
FN:270,(anonymous_17)
FN:286,(anonymous_18)
FN:298,(anonymous_19)
FN:309,(anonymous_20)
FN:315,(anonymous_21)
FN:324,(anonymous_22)
FN:325,(anonymous_23)
FN:332,(anonymous_24)
FN:343,(anonymous_25)
FN:345,(anonymous_26)
FN:346,(anonymous_27)
FN:370,(anonymous_28)
FN:394,(anonymous_29)
FN:394,(anonymous_30)
FN:400,(anonymous_31)
FN:414,(anonymous_32)
FN:415,(anonymous_33)
FN:440,(anonymous_34)
FN:443,(anonymous_35)
FN:449,(anonymous_36)
FN:465,(anonymous_37)
FN:481,(anonymous_38)
FN:485,(anonymous_39)
FN:486,(anonymous_40)
FN:545,(anonymous_41)
FN:565,(anonymous_42)
FN:579,(anonymous_43)
FN:589,(anonymous_44)
FN:592,(anonymous_45)
FN:606,(anonymous_46)
FN:645,(anonymous_47)
FN:652,(anonymous_48)
FN:700,(anonymous_49)
FN:710,(anonymous_50)
FN:736,(anonymous_51)
FN:757,(anonymous_52)
FN:772,(anonymous_53)
FN:783,(anonymous_54)
FN:789,(anonymous_55)
FN:807,(anonymous_56)
FN:839,(anonymous_57)
FN:839,(anonymous_58)
FN:844,(anonymous_59)
FN:855,(anonymous_60)
FN:855,(anonymous_61)
FN:896,(anonymous_62)
FN:896,(anonymous_63)
FN:901,(anonymous_64)
FN:912,(anonymous_65)
FN:912,(anonymous_66)
FN:961,(anonymous_67)
FN:961,(anonymous_68)
FN:966,(anonymous_69)
FN:977,(anonymous_70)
FN:977,(anonymous_71)
FN:1017,(anonymous_72)
FN:1017,(anonymous_73)
FNF:74
FNH:0
FNDA:0,(anonymous_0)
FNDA:0,(anonymous_1)
FNDA:0,(anonymous_2)
FNDA:0,(anonymous_3)
FNDA:0,(anonymous_4)
FNDA:0,(anonymous_5)
FNDA:0,(anonymous_6)
FNDA:0,(anonymous_7)
FNDA:0,(anonymous_8)
FNDA:0,(anonymous_9)
FNDA:0,(anonymous_10)
FNDA:0,(anonymous_11)
FNDA:0,(anonymous_12)
FNDA:0,(anonymous_13)
FNDA:0,(anonymous_14)
FNDA:0,(anonymous_15)
FNDA:0,(anonymous_16)
FNDA:0,(anonymous_17)
FNDA:0,(anonymous_18)
FNDA:0,(anonymous_19)
FNDA:0,(anonymous_20)
FNDA:0,(anonymous_21)
FNDA:0,(anonymous_22)
FNDA:0,(anonymous_23)
FNDA:0,(anonymous_24)
FNDA:0,(anonymous_25)
FNDA:0,(anonymous_26)
FNDA:0,(anonymous_27)
FNDA:0,(anonymous_28)
FNDA:0,(anonymous_29)
FNDA:0,(anonymous_30)
FNDA:0,(anonymous_31)
FNDA:0,(anonymous_32)
FNDA:0,(anonymous_33)
FNDA:0,(anonymous_34)
FNDA:0,(anonymous_35)
FNDA:0,(anonymous_36)
FNDA:0,(anonymous_37)
FNDA:0,(anonymous_38)
FNDA:0,(anonymous_39)
FNDA:0,(anonymous_40)
FNDA:0,(anonymous_41)
FNDA:0,(anonymous_42)
FNDA:0,(anonymous_43)
FNDA:0,(anonymous_44)
FNDA:0,(anonymous_45)
FNDA:0,(anonymous_46)
FNDA:0,(anonymous_47)
FNDA:0,(anonymous_48)
FNDA:0,(anonymous_49)
FNDA:0,(anonymous_50)
FNDA:0,(anonymous_51)
FNDA:0,(anonymous_52)
FNDA:0,(anonymous_53)
FNDA:0,(anonymous_54)
FNDA:0,(anonymous_55)
FNDA:0,(anonymous_56)
FNDA:0,(anonymous_57)
FNDA:0,(anonymous_58)
FNDA:0,(anonymous_59)
FNDA:0,(anonymous_60)
FNDA:0,(anonymous_61)
FNDA:0,(anonymous_62)
FNDA:0,(anonymous_63)
FNDA:0,(anonymous_64)
FNDA:0,(anonymous_65)
FNDA:0,(anonymous_66)
FNDA:0,(anonymous_67)
FNDA:0,(anonymous_68)
FNDA:0,(anonymous_69)
FNDA:0,(anonymous_70)
FNDA:0,(anonymous_71)
FNDA:0,(anonymous_72)
FNDA:0,(anonymous_73)
DA:33,0
DA:35,0
DA:38,0
DA:39,0
DA:40,0
DA:48,0
DA:49,0
DA:50,0
DA:51,0
DA:52,0
DA:53,0
DA:54,0
DA:55,0
DA:56,0
DA:60,0
DA:61,0
DA:62,0
DA:65,0
DA:66,0
DA:67,0
DA:70,0
DA:74,0
DA:76,0
DA:77,0
DA:80,0
DA:82,0
DA:88,0
DA:90,0
DA:91,0
DA:92,0
DA:94,0
DA:98,0
DA:99,0
DA:101,0
DA:102,0
DA:103,0
DA:104,0
DA:109,0
DA:115,0
DA:116,0
DA:118,0
DA:121,0
DA:122,0
DA:123,0
DA:124,0
DA:127,0
DA:129,0
DA:136,0
DA:137,0
DA:139,0
DA:140,0
DA:143,0
DA:145,0
DA:146,0
DA:147,0
DA:151,0
DA:154,0
DA:156,0
DA:157,0
DA:158,0
DA:161,0
DA:165,0
DA:167,0
DA:169,0
DA:170,0
DA:193,0
DA:194,0
DA:195,0
DA:200,0
DA:203,0
DA:204,0
DA:205,0
DA:206,0
DA:209,0
DA:210,0
DA:213,0
DA:220,0
DA:221,0
DA:228,0
DA:229,0
DA:232,0
DA:234,0
DA:237,0
DA:241,0
DA:244,0
DA:245,0
DA:246,0
DA:252,0
DA:254,0
DA:256,0
DA:270,0
DA:271,0
DA:286,0
DA:287,0
DA:300,0
DA:306,0
DA:309,0
DA:315,0
DA:316,0
DA:318,0
DA:321,0
DA:324,0
DA:325,0
DA:327,0
DA:332,0
DA:333,0
DA:335,0
DA:338,0
DA:340,0
DA:342,0
DA:343,0
DA:344,0
DA:346,0
DA:351,0
DA:359,0
DA:360,0
DA:361,0
DA:365,0
DA:366,0
DA:370,0
DA:371,0
DA:373,0
DA:374,0
DA:377,0
DA:378,0
DA:386,0
DA:393,0
DA:394,0
DA:398,0
DA:400,0
DA:403,0
DA:405,0
DA:411,0
DA:414,0
DA:415,0
DA:417,0
DA:418,0
DA:422,0
DA:423,0
DA:424,0
DA:425,0
DA:428,0
DA:431,0
DA:432,0
DA:433,0
DA:437,0
DA:440,0
DA:443,0
DA:444,0
DA:446,0
DA:449,0
DA:451,0
DA:456,0
DA:459,0
DA:465,0
DA:466,0
DA:468,0
DA:470,0
DA:471,0
DA:472,0
DA:475,0
DA:476,0
DA:477,0
DA:481,0
DA:482,0
DA:485,0
DA:486,0
DA:488,0
DA:490,0
DA:492,0
DA:493,0
DA:495,0
DA:496,0
DA:499,0
DA:500,0
DA:503,0
DA:510,0
DA:511,0
DA:515,0
DA:516,0
DA:518,0
DA:519,0
DA:522,0
DA:529,0
DA:530,0
DA:535,0
DA:536,0
DA:540,0
DA:541,0
DA:542,0
DA:545,0
DA:546,0
DA:547,0
DA:548,0
DA:549,0
DA:553,0
DA:559,0
DA:562,0
DA:563,0
DA:565,0
DA:566,0
DA:567,0
DA:571,0
DA:574,0
DA:575,0
DA:578,0
DA:579,0
DA:581,0
DA:584,0
DA:586,0
DA:589,0
DA:590,0
DA:591,0
DA:592,0
DA:595,0
DA:596,0
DA:599,0
DA:606,0
DA:607,0
DA:608,0
DA:609,0
DA:610,0
DA:611,0
DA:614,0
DA:615,0
DA:616,0
DA:620,0
DA:622,0
DA:623,0
DA:624,0
DA:627,0
DA:646,0
DA:652,0
DA:681,0
DA:682,0
DA:700,0
DA:710,0
DA:711,0
DA:713,0
DA:737,0
DA:738,0
DA:740,0
DA:743,0
DA:744,0
DA:745,0
DA:748,0
DA:749,0
DA:750,0
DA:753,0
DA:757,0
DA:772,0
DA:783,0
DA:785,0
DA:789,0
DA:790,0
DA:792,0
DA:807,0
DA:810,0
DA:839,0
DA:844,0
DA:855,0
DA:856,0
DA:896,0
DA:901,0
DA:912,0
DA:913,0
DA:961,0
DA:966,0
DA:977,0
DA:978,0
DA:1017,0
DA:1063,0
LF:272
LH:0
BRDA:77,0,0,0
BRDA:77,0,1,0
BRDA:80,1,0,0
BRDA:80,1,1,0
BRDA:88,2,0,0
BRDA:88,2,1,0
BRDA:91,3,0,0
BRDA:91,3,1,0
BRDA:92,4,0,0
BRDA:92,4,1,0
BRDA:102,5,0,0
BRDA:102,5,1,0
BRDA:116,6,0,0
BRDA:116,6,1,0
BRDA:121,7,0,0
BRDA:121,7,1,0
BRDA:136,8,0,0
BRDA:136,8,1,0
BRDA:136,9,0,0
BRDA:136,9,1,0
BRDA:139,10,0,0
BRDA:139,10,1,0
BRDA:167,11,0,0
BRDA:167,11,1,0
BRDA:194,12,0,0
BRDA:194,12,1,0
BRDA:194,13,0,0
BRDA:194,13,1,0
BRDA:204,14,0,0
BRDA:204,14,1,0
BRDA:209,15,0,0
BRDA:209,15,1,0
BRDA:221,16,0,0
BRDA:221,16,1,0
BRDA:221,17,0,0
BRDA:221,17,1,0
BRDA:221,17,2,0
BRDA:221,17,3,0
BRDA:221,17,4,0
BRDA:232,18,0,0
BRDA:232,18,1,0
BRDA:232,19,0,0
BRDA:232,19,1,0
BRDA:245,20,0,0
BRDA:245,20,1,0
BRDA:316,21,0,0
BRDA:316,21,1,0
BRDA:321,22,0,0
BRDA:321,22,1,0
BRDA:324,23,0,0
BRDA:324,23,1,0
BRDA:333,24,0,0
BRDA:333,24,1,0
BRDA:333,25,0,0
BRDA:333,25,1,0
BRDA:340,26,0,0
BRDA:340,26,1,0
BRDA:344,27,0,0
BRDA:344,27,1,0
BRDA:359,28,0,0
BRDA:359,28,1,0
BRDA:371,29,0,0
BRDA:371,29,1,0
BRDA:377,30,0,0
BRDA:377,30,1,0
BRDA:403,31,0,0
BRDA:403,31,1,0
BRDA:415,32,0,0
BRDA:415,32,1,0
BRDA:417,33,0,0
BRDA:417,33,1,0
BRDA:431,34,0,0
BRDA:431,34,1,0
BRDA:449,35,0,0
BRDA:449,35,1,0
BRDA:466,36,0,0
BRDA:466,36,1,0
BRDA:470,37,0,0
BRDA:470,37,1,0
BRDA:488,38,0,0
BRDA:488,38,1,0
BRDA:488,39,0,0
BRDA:488,39,1,0
BRDA:490,40,0,0
BRDA:490,40,1,0
BRDA:495,41,0,0
BRDA:495,41,1,0
BRDA:518,42,0,0
BRDA:518,42,1,0
BRDA:540,43,0,0
BRDA:540,43,1,0
BRDA:546,44,0,0
BRDA:546,44,1,0
BRDA:590,45,0,0
BRDA:590,45,1,0
BRDA:595,46,0,0
BRDA:595,46,1,0
BRDA:620,47,0,0
BRDA:620,47,1,0
BRDA:622,48,0,0
BRDA:622,48,1,0
BRDA:650,49,0,0
BRDA:650,49,1,0
BRDA:656,50,0,0
BRDA:656,50,1,0
BRDA:681,51,0,0
BRDA:681,51,1,0
BRDA:695,52,0,0
BRDA:695,52,1,0
BRDA:711,53,0,0
BRDA:711,53,1,0
BRDA:711,54,0,0
BRDA:711,54,1,0
BRDA:740,55,0,0
BRDA:740,55,1,0
BRDA:740,55,2,0
BRDA:740,55,3,0
BRDA:760,56,0,0
BRDA:760,56,1,0
BRDA:761,57,0,0
BRDA:761,57,1,0
BRDA:762,58,0,0
BRDA:762,58,1,0
BRDA:790,59,0,0
BRDA:790,59,1,0
BRDA:797,60,0,0
BRDA:797,60,1,0
BRDA:807,61,0,0
BRDA:807,61,1,0
BRDA:812,62,0,0
BRDA:812,62,1,0
BRDA:831,63,0,0
BRDA:831,63,1,0
BRDA:839,64,0,0
BRDA:839,64,1,0
BRDA:844,65,0,0
BRDA:844,65,1,0
BRDA:844,65,2,0
BRDA:855,66,0,0
BRDA:855,66,1,0
BRDA:860,67,0,0
BRDA:860,67,1,0
BRDA:896,68,0,0
BRDA:896,68,1,0
BRDA:901,69,0,0
BRDA:901,69,1,0
BRDA:901,69,2,0
BRDA:912,70,0,0
BRDA:912,70,1,0
BRDA:917,71,0,0
BRDA:917,71,1,0
BRDA:949,72,0,0
BRDA:949,72,1,0
BRDA:949,73,0,0
BRDA:949,73,1,0
BRDA:952,74,0,0
BRDA:952,74,1,0
BRDA:952,75,0,0
BRDA:952,75,1,0
BRDA:961,76,0,0
BRDA:961,76,1,0
BRDA:966,77,0,0
BRDA:966,77,1,0
BRDA:966,77,2,0
BRDA:977,78,0,0
BRDA:977,78,1,0
BRDA:982,79,0,0
BRDA:982,79,1,0
BRDA:1017,80,0,0
BRDA:1017,80,1,0
BRDA:1022,81,0,0
BRDA:1022,81,1,0
BRDA:1030,82,0,0
BRDA:1030,82,1,0
BRDA:1039,83,0,0
BRDA:1039,83,1,0
BRDA:1071,84,0,0
BRDA:1071,84,1,0
BRDA:1175,85,0,0
BRDA:1175,85,1,0
BRF:180
BRH:0
end_of_record
TN:
SF:src/screens/GameScreen.tsx
FN:36,(anonymous_0)
FN:60,(anonymous_1)
FN:70,(anonymous_2)
FN:73,(anonymous_3)
FN:87,(anonymous_4)
FN:95,(anonymous_5)
FN:102,(anonymous_6)
FN:110,(anonymous_7)
FN:112,(anonymous_8)
FN:113,(anonymous_9)
FN:126,(anonymous_10)
FN:137,(anonymous_11)
FN:151,(anonymous_12)
FN:169,(anonymous_13)
FN:178,(anonymous_14)
FN:179,(anonymous_15)
FN:186,(anonymous_16)
FN:202,(anonymous_17)
FN:213,(anonymous_18)
FN:215,(anonymous_19)
FN:216,(anonymous_20)
FN:240,(anonymous_21)
FN:264,(anonymous_22)
FN:264,(anonymous_23)
FN:270,(anonymous_24)
FN:284,(anonymous_25)
FN:285,(anonymous_26)
FN:305,(anonymous_27)
FN:308,(anonymous_28)
FN:312,(anonymous_29)
FN:326,(anonymous_30)
FN:330,(anonymous_31)
FN:331,(anonymous_32)
FN:390,(anonymous_33)
FN:410,(anonymous_34)
FN:424,(anonymous_35)
FN:434,(anonymous_36)
FN:437,(anonymous_37)
FN:451,(anonymous_38)
FN:452,(anonymous_39)
FN:464,(anonymous_40)
FN:482,(anonymous_41)
FN:503,(anonymous_42)
FN:518,(anonymous_43)
FN:529,(anonymous_44)
FN:558,(anonymous_45)
FNF:46
FNH:0
FNDA:0,(anonymous_0)
FNDA:0,(anonymous_1)
FNDA:0,(anonymous_2)
FNDA:0,(anonymous_3)
FNDA:0,(anonymous_4)
FNDA:0,(anonymous_5)
FNDA:0,(anonymous_6)
FNDA:0,(anonymous_7)
FNDA:0,(anonymous_8)
FNDA:0,(anonymous_9)
FNDA:0,(anonymous_10)
FNDA:0,(anonymous_11)
FNDA:0,(anonymous_12)
FNDA:0,(anonymous_13)
FNDA:0,(anonymous_14)
FNDA:0,(anonymous_15)
FNDA:0,(anonymous_16)
FNDA:0,(anonymous_17)
FNDA:0,(anonymous_18)
FNDA:0,(anonymous_19)
FNDA:0,(anonymous_20)
FNDA:0,(anonymous_21)
FNDA:0,(anonymous_22)
FNDA:0,(anonymous_23)
FNDA:0,(anonymous_24)
FNDA:0,(anonymous_25)
FNDA:0,(anonymous_26)
FNDA:0,(anonymous_27)
FNDA:0,(anonymous_28)
FNDA:0,(anonymous_29)
FNDA:0,(anonymous_30)
FNDA:0,(anonymous_31)
FNDA:0,(anonymous_32)
FNDA:0,(anonymous_33)
FNDA:0,(anonymous_34)
FNDA:0,(anonymous_35)
FNDA:0,(anonymous_36)
FNDA:0,(anonymous_37)
FNDA:0,(anonymous_38)
FNDA:0,(anonymous_39)
FNDA:0,(anonymous_40)
FNDA:0,(anonymous_41)
FNDA:0,(anonymous_42)
FNDA:0,(anonymous_43)
FNDA:0,(anonymous_44)
FNDA:0,(anonymous_45)
DA:34,0
DA:36,0
DA:38,0
DA:39,0
DA:40,0
DA:48,0
DA:49,0
DA:50,0
DA:51,0
DA:52,0
DA:53,0
DA:54,0
DA:57,0
DA:60,0
DA:61,0
DA:62,0
DA:67,0
DA:70,0
DA:71,0
DA:72,0
DA:73,0
DA:76,0
DA:77,0
DA:80,0
DA:87,0
DA:88,0
DA:94,0
DA:95,0
DA:96,0
DA:99,0
DA:102,0
DA:103,0
DA:104,0
DA:110,0
DA:112,0
DA:113,0
DA:116,0
DA:118,0
DA:124,0
DA:126,0
DA:127,0
DA:128,0
DA:130,0
DA:134,0
DA:135,0
DA:137,0
DA:138,0
DA:139,0
DA:140,0
DA:145,0
DA:151,0
DA:152,0
DA:154,0
DA:157,0
DA:164,0
DA:165,0
DA:169,0
DA:170,0
DA:172,0
DA:175,0
DA:178,0
DA:179,0
DA:181,0
DA:186,0
DA:187,0
DA:189,0
DA:191,0
DA:192,0
DA:193,0
DA:196,0
DA:197,0
DA:198,0
DA:202,0
DA:203,0
DA:205,0
DA:208,0
DA:210,0
DA:212,0
DA:213,0
DA:214,0
DA:216,0
DA:221,0
DA:229,0
DA:230,0
DA:231,0
DA:235,0
DA:236,0
DA:240,0
DA:241,0
DA:243,0
DA:244,0
DA:247,0
DA:248,0
DA:256,0
DA:263,0
DA:264,0
DA:268,0
DA:270,0
DA:273,0
DA:275,0
DA:281,0
DA:284,0
DA:285,0
DA:287,0
DA:288,0
DA:292,0
DA:293,0
DA:294,0
DA:297,0
DA:298,0
DA:299,0
DA:302,0
DA:305,0
DA:308,0
DA:309,0
DA:312,0
DA:314,0
DA:319,0
DA:322,0
DA:326,0
DA:327,0
DA:330,0
DA:331,0
DA:333,0
DA:335,0
DA:337,0
DA:338,0
DA:340,0
DA:341,0
DA:344,0
DA:345,0
DA:348,0
DA:355,0
DA:356,0
DA:360,0
DA:361,0
DA:363,0
DA:364,0
DA:367,0
DA:374,0
DA:375,0
DA:380,0
DA:381,0
DA:385,0
DA:386,0
DA:387,0
DA:390,0
DA:391,0
DA:392,0
DA:393,0
DA:394,0
DA:398,0
DA:404,0
DA:407,0
DA:408,0
DA:410,0
DA:411,0
DA:412,0
DA:416,0
DA:419,0
DA:420,0
DA:423,0
DA:424,0
DA:426,0
DA:429,0
DA:431,0
DA:434,0
DA:435,0
DA:436,0
DA:437,0
DA:440,0
DA:441,0
DA:444,0
DA:451,0
DA:452,0
DA:453,0
DA:455,0
DA:464,0
DA:465,0
DA:467,0
DA:483,0
DA:484,0
DA:486,0
DA:489,0
DA:490,0
DA:491,0
DA:494,0
DA:495,0
DA:496,0
DA:499,0
DA:503,0
DA:518,0
DA:529,0
DA:530,0
DA:532,0
DA:547,0
DA:548,0
DA:559,0
DA:560,0
DA:561,0
DA:572,0
DA:573,0
DA:583,0
DA:584,0
DA:587,0
DA:705,0
LF:206
LH:0
BRDA:61,0,0,0
BRDA:61,0,1,0
BRDA:71,1,0,0
BRDA:71,1,1,0
BRDA:76,2,0,0
BRDA:76,2,1,0
BRDA:88,3,0,0
BRDA:88,3,1,0
BRDA:88,4,0,0
BRDA:88,4,1,0
BRDA:88,4,2,0
BRDA:88,4,3,0
BRDA:103,5,0,0
BRDA:103,5,1,0
BRDA:113,6,0,0
BRDA:113,6,1,0
BRDA:116,7,0,0
BRDA:116,7,1,0
BRDA:124,8,0,0
BRDA:124,8,1,0
BRDA:127,9,0,0
BRDA:127,9,1,0
BRDA:128,10,0,0
BRDA:128,10,1,0
BRDA:138,11,0,0
BRDA:138,11,1,0
BRDA:152,12,0,0
BRDA:152,12,1,0
BRDA:170,13,0,0
BRDA:170,13,1,0
BRDA:175,14,0,0
BRDA:175,14,1,0
BRDA:178,15,0,0
BRDA:178,15,1,0
BRDA:187,16,0,0
BRDA:187,16,1,0
BRDA:191,17,0,0
BRDA:191,17,1,0
BRDA:203,18,0,0
BRDA:203,18,1,0
BRDA:203,19,0,0
BRDA:203,19,1,0
BRDA:210,20,0,0
BRDA:210,20,1,0
BRDA:214,21,0,0
BRDA:214,21,1,0
BRDA:229,22,0,0
BRDA:229,22,1,0
BRDA:241,23,0,0
BRDA:241,23,1,0
BRDA:247,24,0,0
BRDA:247,24,1,0
BRDA:273,25,0,0
BRDA:273,25,1,0
BRDA:285,26,0,0
BRDA:285,26,1,0
BRDA:287,27,0,0
BRDA:287,27,1,0
BRDA:297,28,0,0
BRDA:297,28,1,0
BRDA:312,29,0,0
BRDA:312,29,1,0
BRDA:333,30,0,0
BRDA:333,30,1,0
BRDA:333,31,0,0
BRDA:333,31,1,0
BRDA:335,32,0,0
BRDA:335,32,1,0
BRDA:340,33,0,0
BRDA:340,33,1,0
BRDA:363,34,0,0
BRDA:363,34,1,0
BRDA:385,35,0,0
BRDA:385,35,1,0
BRDA:391,36,0,0
BRDA:391,36,1,0
BRDA:435,37,0,0
BRDA:435,37,1,0
BRDA:440,38,0,0
BRDA:440,38,1,0
BRDA:453,39,0,0
BRDA:453,39,1,0
BRDA:465,40,0,0
BRDA:465,40,1,0
BRDA:465,41,0,0
BRDA:465,41,1,0
BRDA:486,42,0,0
BRDA:486,42,1,0
BRDA:486,42,2,0
BRDA:486,42,3,0
BRDA:506,43,0,0
BRDA:506,43,1,0
BRDA:507,44,0,0
BRDA:507,44,1,0
BRDA:508,45,0,0
BRDA:508,45,1,0
BRDA:530,46,0,0
BRDA:530,46,1,0
BRDA:536,47,0,0
BRDA:536,47,1,0
BRDA:547,48,0,0
BRDA:547,48,1,0
BRDA:553,49,0,0
BRDA:553,49,1,0
BRDA:572,50,0,0
BRDA:572,50,1,0
BRDA:584,51,0,0
BRDA:584,51,1,0
BRDA:667,52,0,0
BRDA:667,52,1,0
BRDA:667,52,2,0
BRDA:673,53,0,0
BRDA:673,53,1,0
BRDA:686,54,0,0
BRDA:686,54,1,0
BRF:115
BRH:0
end_of_record
TN:
SF:src/utils/aiLogic.ts
FN:32,(anonymous_0)
FN:42,(anonymous_1)
FN:45,(anonymous_2)
FN:58,(anonymous_3)
FN:68,(anonymous_4)
FN:72,(anonymous_5)
FN:72,(anonymous_6)
FN:80,(anonymous_7)
FN:80,(anonymous_8)
FN:85,(anonymous_9)
FN:90,(anonymous_10)
FN:94,(anonymous_11)
FN:97,(anonymous_12)
FN:110,(anonymous_13)
FN:125,(anonymous_14)
FN:125,(anonymous_15)
FN:129,(anonymous_16)
FN:142,(anonymous_17)
FN:149,(anonymous_18)
FN:150,(anonymous_19)
FN:156,(anonymous_20)
FN:160,(anonymous_21)
FN:168,(anonymous_22)
FN:171,(anonymous_23)
FN:175,(anonymous_24)
FN:186,(anonymous_25)
FN:195,(anonymous_26)
FN:211,(anonymous_27)
FN:214,(anonymous_28)
FN:221,(anonymous_29)
FN:224,(anonymous_30)
FN:224,(anonymous_31)
FN:231,(anonymous_32)
FN:231,(anonymous_33)
FN:236,(anonymous_34)
FN:242,(anonymous_35)
FN:247,(anonymous_36)
FN:251,(anonymous_37)
FN:260,(anonymous_38)
FN:276,(anonymous_39)
FN:279,(anonymous_40)
FN:280,(anonymous_41)
FN:292,(anonymous_42)
FN:293,(anonymous_43)
FN:299,(anonymous_44)
FN:301,(anonymous_45)
FN:315,(anonymous_46)
FN:329,(anonymous_47)
FN:334,(anonymous_48)
FN:353,(anonymous_49)
FN:358,(anonymous_50)
FN:360,(anonymous_51)
FN:365,(anonymous_52)
FN:375,(anonymous_53)
FN:387,(anonymous_54)
FN:389,(anonymous_55)
FN:394,(anonymous_56)
FN:404,(anonymous_57)
FN:416,(anonymous_58)
FN:436,(anonymous_59)
FN:449,(anonymous_60)
FN:451,(anonymous_61)
FN:465,(anonymous_62)
FN:486,(anonymous_63)
FN:491,(anonymous_64)
FNF:65
FNH:19
FNDA:1,(anonymous_0)
FNDA:0,(anonymous_1)
FNDA:0,(anonymous_2)
FNDA:5,(anonymous_3)
FNDA:4,(anonymous_4)
FNDA:1,(anonymous_5)
FNDA:1,(anonymous_6)
FNDA:4,(anonymous_7)
FNDA:6,(anonymous_8)
FNDA:0,(anonymous_9)
FNDA:3,(anonymous_10)
FNDA:0,(anonymous_11)
FNDA:0,(anonymous_12)
FNDA:0,(anonymous_13)
FNDA:0,(anonymous_14)
FNDA:0,(anonymous_15)
FNDA:0,(anonymous_16)
FNDA:0,(anonymous_17)
FNDA:0,(anonymous_18)
FNDA:0,(anonymous_19)
FNDA:0,(anonymous_20)
FNDA:0,(anonymous_21)
FNDA:0,(anonymous_22)
FNDA:0,(anonymous_23)
FNDA:0,(anonymous_24)
FNDA:0,(anonymous_25)
FNDA:0,(anonymous_26)
FNDA:0,(anonymous_27)
FNDA:0,(anonymous_28)
FNDA:0,(anonymous_29)
FNDA:0,(anonymous_30)
FNDA:0,(anonymous_31)
FNDA:0,(anonymous_32)
FNDA:0,(anonymous_33)
FNDA:0,(anonymous_34)
FNDA:0,(anonymous_35)
FNDA:0,(anonymous_36)
FNDA:0,(anonymous_37)
FNDA:0,(anonymous_38)
FNDA:0,(anonymous_39)
FNDA:0,(anonymous_40)
FNDA:0,(anonymous_41)
FNDA:0,(anonymous_42)
FNDA:0,(anonymous_43)
FNDA:0,(anonymous_44)
FNDA:0,(anonymous_45)
FNDA:6,(anonymous_46)
FNDA:8,(anonymous_47)
FNDA:16,(anonymous_48)
FNDA:11,(anonymous_49)
FNDA:0,(anonymous_50)
FNDA:0,(anonymous_51)
FNDA:0,(anonymous_52)
FNDA:0,(anonymous_53)
FNDA:21,(anonymous_54)
FNDA:10,(anonymous_55)
FNDA:3,(anonymous_56)
FNDA:8,(anonymous_57)
FNDA:0,(anonymous_58)
FNDA:5,(anonymous_59)
FNDA:5,(anonymous_60)
FNDA:4,(anonymous_61)
FNDA:0,(anonymous_62)
FNDA:0,(anonymous_63)
FNDA:0,(anonymous_64)
DA:38,1
DA:39,1
DA:44,0
DA:45,0
DA:48,0
DA:49,0
DA:52,0
DA:63,5
DA:66,5
DA:68,4
DA:71,1
DA:72,1
DA:75,1
DA:79,4
DA:80,6
DA:83,4
DA:85,0
DA:86,0
DA:90,4
DA:91,4
DA:96,0
DA:97,0
DA:100,0
DA:101,0
DA:104,0
DA:115,0
DA:118,0
DA:120,0
DA:122,0
DA:124,0
DA:125,0
DA:128,0
DA:129,0
DA:130,0
DA:135,0
DA:140,0
DA:141,0
DA:142,0
DA:145,0
DA:146,0
DA:149,0
DA:150,0
DA:154,0
DA:156,0
DA:157,0
DA:158,0
DA:160,0
DA:161,0
DA:164,0
DA:170,0
DA:171,0
DA:175,0
DA:176,0
DA:177,0
DA:179,0
DA:183,0
DA:184,0
DA:186,0
DA:187,0
DA:188,0
DA:189,0
DA:194,0
DA:195,0
DA:198,0
DA:199,0
DA:203,0
DA:204,0
DA:207,0
DA:213,0
DA:214,0
DA:217,0
DA:218,0
DA:223,0
DA:224,0
DA:228,0
DA:230,0
DA:231,0
DA:234,0
DA:236,0
DA:237,0
DA:238,0
DA:242,0
DA:243,0
DA:247,0
DA:248,0
DA:252,0
DA:253,0
DA:254,0
DA:257,0
DA:258,0
DA:260,0
DA:262,0
DA:265,0
DA:267,0
DA:268,0
DA:269,0
DA:273,0
DA:279,0
DA:280,0
DA:282,0
DA:283,0
DA:286,0
DA:287,0
DA:289,0
DA:293,0
DA:294,0
DA:301,0
DA:304,0
DA:305,0
DA:306,0
DA:310,0
DA:315,1
DA:316,6
DA:318,1
DA:320,5
DA:322,0
DA:324,0
DA:329,1
DA:334,16
DA:335,8
DA:336,0
DA:340,8
DA:343,8
DA:345,8
DA:347,1
DA:350,7
DA:351,7
DA:352,7
DA:353,11
DA:356,7
DA:358,0
DA:359,0
DA:360,0
DA:363,0
DA:365,0
DA:366,0
DA:375,0
DA:376,0
DA:385,7
DA:387,7
DA:388,21
DA:389,10
DA:392,7
DA:394,3
DA:395,3
DA:404,4
DA:405,8
DA:416,0
DA:417,0
DA:430,8
DA:431,3
DA:432,3
DA:433,3
DA:436,3
DA:437,5
DA:441,3
DA:442,2
DA:444,0
DA:445,0
DA:449,2
DA:450,5
DA:451,4
DA:453,2
DA:454,2
DA:455,1
DA:458,1
DA:459,1
DA:465,1
DA:466,0
DA:470,1
DA:472,1
DA:473,1
DA:476,0
DA:477,0
DA:481,5
DA:482,5
DA:486,1
DA:491,0
DA:492,0
DA:493,0
DA:496,0
DA:497,0
LF:182
LH:61
BRDA:48,0,0,0
BRDA:48,0,1,0
BRDA:48,1,0,0
BRDA:48,1,1,0
BRDA:66,2,0,1
BRDA:66,2,1,4
BRDA:66,3,0,5
BRDA:66,3,1,4
BRDA:75,4,0,1
BRDA:75,4,1,0
BRDA:83,5,0,0
BRDA:83,5,1,4
BRDA:100,6,0,0
BRDA:100,6,1,0
BRDA:100,7,0,0
BRDA:100,7,1,0
BRDA:118,8,0,0
BRDA:118,8,1,0
BRDA:118,9,0,0
BRDA:118,9,1,0
BRDA:122,10,0,0
BRDA:122,10,1,0
BRDA:128,11,0,0
BRDA:128,11,1,0
BRDA:146,12,0,0
BRDA:146,12,1,0
BRDA:154,13,0,0
BRDA:154,13,1,0
BRDA:158,14,0,0
BRDA:158,14,1,0
BRDA:176,15,0,0
BRDA:176,15,1,0
BRDA:177,16,0,0
BRDA:177,16,1,0
BRDA:187,17,0,0
BRDA:187,17,1,0
BRDA:198,18,0,0
BRDA:198,18,1,0
BRDA:198,19,0,0
BRDA:198,19,1,0
BRDA:203,20,0,0
BRDA:203,20,1,0
BRDA:218,21,0,0
BRDA:218,21,1,0
BRDA:228,22,0,0
BRDA:228,22,1,0
BRDA:234,23,0,0
BRDA:234,23,1,0
BRDA:253,24,0,0
BRDA:253,24,1,0
BRDA:253,25,0,0
BRDA:253,25,1,0
BRDA:262,26,0,0
BRDA:262,26,1,0
BRDA:267,27,0,0
BRDA:267,27,1,0
BRDA:282,28,0,0
BRDA:282,28,1,0
BRDA:282,29,0,0
BRDA:282,29,1,0
BRDA:283,30,0,0
BRDA:283,30,1,0
BRDA:283,31,0,0
BRDA:283,31,1,0
BRDA:294,32,0,0
BRDA:294,32,1,0
BRDA:304,33,0,0
BRDA:304,33,1,0
BRDA:304,34,0,0
BRDA:304,34,1,0
BRDA:316,35,0,1
BRDA:316,35,1,5
BRDA:316,35,2,0
BRDA:316,35,3,0
BRDA:335,36,0,0
BRDA:335,36,1,8
BRDA:345,37,0,1
BRDA:345,37,1,7
BRDA:345,38,0,8
BRDA:345,38,1,7
BRDA:356,39,0,0
BRDA:356,39,1,7
BRDA:359,40,0,0
BRDA:359,40,1,0
BRDA:363,41,0,0
BRDA:363,41,1,0
BRDA:376,42,0,0
BRDA:376,42,1,0
BRDA:385,43,0,7
BRDA:385,43,1,0
BRDA:388,44,0,21
BRDA:388,44,1,8
BRDA:392,45,0,3
BRDA:392,45,1,4
BRDA:405,46,0,8
BRDA:405,46,1,3
BRDA:417,47,0,0
BRDA:417,47,1,0
BRDA:430,48,0,3
BRDA:430,48,1,5
BRDA:430,49,0,8
BRDA:430,49,1,3
BRDA:437,50,0,5
BRDA:437,50,1,2
BRDA:441,51,0,2
BRDA:441,51,1,1
BRDA:442,52,0,0
BRDA:442,52,1,2
BRDA:450,53,0,5
BRDA:450,53,1,2
BRDA:454,54,0,1
BRDA:454,54,1,1
BRDA:470,55,0,1
BRDA:470,55,1,0
BRDA:492,56,0,0
BRDA:492,56,1,0
BRF:116
BRH:35
end_of_record
TN:
SF:src/utils/gameLogic.ts
FN:17,(anonymous_0)
FN:23,(anonymous_1)
FN:24,(anonymous_2)
FN:60,(anonymous_3)
FN:70,(anonymous_4)
FN:77,(anonymous_5)
FN:92,(anonymous_6)
FN:106,(anonymous_7)
FN:129,(anonymous_8)
FN:176,(anonymous_9)
FN:200,(anonymous_10)
FN:209,(anonymous_11)
FN:216,(anonymous_12)
FN:225,(anonymous_13)
FN:228,(anonymous_14)
FN:272,(anonymous_15)
FN:275,(anonymous_16)
FN:302,(anonymous_17)
FN:305,(anonymous_18)
FN:319,(anonymous_19)
FN:358,(anonymous_20)
FN:364,(anonymous_21)
FN:370,(anonymous_22)
FN:379,(anonymous_23)
FN:381,(anonymous_24)
FN:381,(anonymous_25)
FN:393,(anonymous_26)
FN:396,(anonymous_27)
FN:397,(anonymous_28)
FN:405,(anonymous_29)
FN:414,(anonymous_30)
FN:419,(anonymous_31)
FN:420,(anonymous_32)
FN:420,(anonymous_33)
FN:428,(anonymous_34)
FN:429,(anonymous_35)
FN:437,(anonymous_36)
FN:443,(anonymous_37)
FN:444,(anonymous_38)
FN:464,(anonymous_39)
FN:465,(anonymous_40)
FN:472,(anonymous_41)
FN:473,(anonymous_42)
FN:480,(anonymous_43)
FN:491,(anonymous_44)
FN:517,(anonymous_45)
FN:521,(anonymous_46)
FN:523,(anonymous_47)
FN:538,(anonymous_48)
FN:547,(anonymous_49)
FN:551,(anonymous_50)
FN:569,(anonymous_51)
FN:585,(anonymous_52)
FN:586,(anonymous_53)
FN:608,(anonymous_54)
FN:612,(anonymous_55)
FN:621,(anonymous_56)
FN:625,(anonymous_57)
FN:633,(anonymous_58)
FN:637,(anonymous_59)
FN:642,(anonymous_60)
FN:643,(anonymous_61)
FN:652,(anonymous_62)
FNF:63
FNH:42
FNDA:0,(anonymous_0)
FNDA:0,(anonymous_1)
FNDA:0,(anonymous_2)
FNDA:0,(anonymous_3)
FNDA:0,(anonymous_4)
FNDA:0,(anonymous_5)
FNDA:235,(anonymous_6)
FNDA:4,(anonymous_7)
FNDA:10,(anonymous_8)
FNDA:0,(anonymous_9)
FNDA:5,(anonymous_10)
FNDA:25,(anonymous_11)
FNDA:43,(anonymous_12)
FNDA:31,(anonymous_13)
FNDA:37,(anonymous_14)
FNDA:25,(anonymous_15)
FNDA:43,(anonymous_16)
FNDA:31,(anonymous_17)
FNDA:43,(anonymous_18)
FNDA:49,(anonymous_19)
FNDA:31,(anonymous_20)
FNDA:31,(anonymous_21)
FNDA:18,(anonymous_22)
FNDA:1,(anonymous_23)
FNDA:1,(anonymous_24)
FNDA:1,(anonymous_25)
FNDA:31,(anonymous_26)
FNDA:53,(anonymous_27)
FNDA:53,(anonymous_28)
FNDA:0,(anonymous_29)
FNDA:22,(anonymous_30)
FNDA:5,(anonymous_31)
FNDA:9,(anonymous_32)
FNDA:13,(anonymous_33)
FNDA:0,(anonymous_34)
FNDA:0,(anonymous_35)
FNDA:15,(anonymous_36)
FNDA:8,(anonymous_37)
FNDA:6,(anonymous_38)
FNDA:5,(anonymous_39)
FNDA:9,(anonymous_40)
FNDA:7,(anonymous_41)
FNDA:13,(anonymous_42)
FNDA:27,(anonymous_43)
FNDA:23,(anonymous_44)
FNDA:0,(anonymous_45)
FNDA:0,(anonymous_46)
FNDA:0,(anonymous_47)
FNDA:0,(anonymous_48)
FNDA:1,(anonymous_49)
FNDA:4,(anonymous_50)
FNDA:3,(anonymous_51)
FNDA:0,(anonymous_52)
FNDA:0,(anonymous_53)
FNDA:0,(anonymous_54)
FNDA:0,(anonymous_55)
FNDA:0,(anonymous_56)
FNDA:0,(anonymous_57)
FNDA:1,(anonymous_58)
FNDA:1,(anonymous_59)
FNDA:4,(anonymous_60)
FNDA:4,(anonymous_61)
FNDA:0,(anonymous_62)
DA:17,3
DA:18,0
DA:21,0
DA:23,0
DA:24,0
DA:26,0
DA:27,0
DA:28,0
DA:29,0
DA:30,0
DA:33,0
DA:43,0
DA:49,0
DA:56,0
DA:60,3
DA:61,0
DA:62,0
DA:63,0
DA:64,0
DA:66,0
DA:70,3
DA:71,0
DA:72,0
DA:75,0
DA:77,0
DA:78,0
DA:79,0
DA:83,0
DA:86,0
DA:88,0
DA:92,3
DA:94,235
DA:97,235
DA:100,220
DA:102,217
DA:106,3
DA:108,4
DA:111,4
DA:114,4
DA:117,4
DA:120,3
DA:123,1
DA:125,0
DA:129,3
DA:131,10
DA:132,10
DA:135,10
DA:136,9
DA:139,7
DA:141,2
DA:142,2
DA:144,2
DA:145,2
DA:149,0
DA:151,0
DA:152,0
DA:154,0
DA:156,0
DA:160,0
DA:165,5
DA:166,5
DA:172,0
DA:176,3
DA:179,0
DA:183,0
DA:184,0
DA:185,0
DA:187,0
DA:196,0
DA:200,3
DA:201,5
DA:205,5
DA:209,3
DA:210,25
DA:213,25
DA:216,25
DA:217,43
DA:225,25
DA:226,31
DA:228,31
DA:230,37
DA:231,6
DA:232,6
DA:241,37
DA:242,0
DA:243,0
DA:252,37
DA:253,0
DA:254,0
DA:264,31
DA:265,31
DA:268,25
DA:272,3
DA:273,25
DA:275,25
DA:276,43
DA:278,43
DA:280,43
DA:281,3
DA:282,40
DA:284,0
DA:287,40
DA:291,43
DA:292,31
DA:295,43
DA:298,25
DA:302,3
DA:303,31
DA:305,31
DA:306,43
DA:308,43
DA:309,37
DA:312,43
DA:315,31
DA:319,3
DA:321,49
DA:322,0
DA:326,49
DA:342,49
DA:345,49
DA:346,3
DA:349,3
DA:350,0
DA:354,49
DA:358,3
DA:364,3
DA:370,3
DA:377,18
DA:378,1
DA:379,1
DA:380,1
DA:381,1
DA:386,17
DA:387,1
DA:391,16
DA:392,16
DA:393,31
DA:396,53
DA:397,16
DA:398,53
DA:402,16
DA:403,0
DA:405,0
DA:408,0
DA:413,16
DA:414,22
DA:417,16
DA:419,5
DA:420,13
DA:422,5
DA:426,11
DA:428,0
DA:429,0
DA:435,11
DA:437,6
DA:438,15
DA:443,6
DA:444,8
DA:448,6
DA:450,6
DA:451,4
DA:455,2
DA:456,2
DA:459,2
DA:460,0
DA:464,2
DA:465,9
DA:468,2
DA:472,5
DA:473,13
DA:476,5
DA:480,3
DA:482,27
DA:483,27
DA:484,27
DA:487,0
DA:491,3
DA:492,23
DA:493,10
DA:494,13
DA:496,10
DA:497,10
DA:499,3
DA:501,3
DA:502,3
DA:504,0
DA:506,0
DA:509,0
DA:513,0
DA:516,0
DA:517,0
DA:519,0
DA:521,0
DA:523,0
DA:525,0
DA:527,0
DA:534,0
DA:538,3
DA:539,0
DA:543,0
DA:547,3
DA:548,1
DA:549,1
DA:551,1
DA:553,4
DA:556,3
DA:559,3
DA:560,0
DA:561,0
DA:565,1
DA:569,3
DA:571,3
DA:572,0
DA:576,3
DA:577,3
DA:580,3
DA:581,3
DA:585,0
DA:586,0
DA:589,0
DA:590,0
DA:595,0
DA:600,0
DA:601,0
DA:606,0
DA:608,0
DA:609,0
DA:612,0
DA:613,0
DA:616,0
DA:621,0
DA:622,0
DA:625,0
DA:626,0
DA:629,0
DA:633,3
DA:634,1
DA:637,1
DA:638,1
DA:642,1
DA:643,4
DA:644,4
DA:648,1
DA:652,3
DA:658,0
DA:694,0
DA:712,0
DA:715,0
DA:732,0
LF:249
LH:154
BRDA:27,0,0,0
BRDA:27,0,1,0
BRDA:29,1,0,0
BRDA:29,1,1,0
BRDA:29,2,0,0
BRDA:29,2,1,0
BRDA:94,3,0,0
BRDA:94,3,1,235
BRDA:97,4,0,15
BRDA:97,4,1,220
BRDA:100,5,0,3
BRDA:100,5,1,217
BRDA:100,6,0,220
BRDA:100,6,1,111
BRDA:108,7,0,0
BRDA:108,7,1,4
BRDA:111,8,0,0
BRDA:111,8,1,4
BRDA:114,9,0,0
BRDA:114,9,1,4
BRDA:117,10,0,1
BRDA:117,10,1,3
BRDA:117,11,0,4
BRDA:117,11,1,3
BRDA:120,12,0,2
BRDA:120,12,1,1
BRDA:123,13,0,1
BRDA:123,13,1,0
BRDA:123,14,0,1
BRDA:123,14,1,1
BRDA:135,15,0,1
BRDA:135,15,1,9
BRDA:135,16,0,10
BRDA:135,16,1,3
BRDA:136,17,0,2
BRDA:136,17,1,7
BRDA:136,18,0,9
BRDA:136,18,1,7
BRDA:139,19,0,2
BRDA:139,19,1,5
BRDA:139,20,0,7
BRDA:139,20,1,2
BRDA:144,21,0,2
BRDA:144,21,1,0
BRDA:149,22,0,0
BRDA:149,22,1,0
BRDA:151,23,0,0
BRDA:151,23,1,0
BRDA:151,24,0,0
BRDA:151,24,1,0
BRDA:154,25,0,0
BRDA:154,25,1,0
BRDA:165,26,0,5
BRDA:165,26,1,0
BRDA:183,27,0,0
BRDA:183,27,1,0
BRDA:185,28,0,0
BRDA:185,28,1,0
BRDA:230,29,0,6
BRDA:230,29,1,31
BRDA:241,30,0,0
BRDA:241,30,1,37
BRDA:252,31,0,0
BRDA:252,31,1,37
BRDA:278,32,0,43
BRDA:278,32,1,0
BRDA:280,33,0,3
BRDA:280,33,1,40
BRDA:282,34,0,0
BRDA:282,34,1,40
BRDA:291,35,0,31
BRDA:291,35,1,12
BRDA:306,36,0,0
BRDA:306,36,1,43
BRDA:308,37,0,37
BRDA:308,37,1,6
BRDA:321,38,0,0
BRDA:321,38,1,49
BRDA:322,39,0,0
BRDA:322,39,1,0
BRDA:345,40,0,3
BRDA:345,40,1,46
BRDA:349,41,0,0
BRDA:349,41,1,3
BRDA:377,42,0,1
BRDA:377,42,1,17
BRDA:380,43,0,1
BRDA:380,43,1,1
BRDA:386,44,0,1
BRDA:386,44,1,16
BRDA:398,45,0,53
BRDA:398,45,1,18
BRDA:402,46,0,0
BRDA:402,46,1,16
BRDA:403,47,0,0
BRDA:403,47,1,0
BRDA:414,48,0,22
BRDA:414,48,1,5
BRDA:417,49,0,5
BRDA:417,49,1,11
BRDA:426,50,0,0
BRDA:426,50,1,11
BRDA:435,51,0,6
BRDA:435,51,1,5
BRDA:435,52,0,11
BRDA:435,52,1,6
BRDA:438,53,0,15
BRDA:438,53,1,4
BRDA:450,54,0,4
BRDA:450,54,1,2
BRDA:450,55,0,6
BRDA:450,55,1,2
BRDA:459,56,0,0
BRDA:459,56,1,2
BRDA:483,57,0,27
BRDA:483,57,1,0
BRDA:492,58,0,10
BRDA:492,58,1,13
BRDA:494,59,0,10
BRDA:494,59,1,3
BRDA:496,60,0,10
BRDA:496,60,1,0
BRDA:499,61,0,3
BRDA:499,61,1,0
BRDA:501,62,0,3
BRDA:501,62,1,0
BRDA:501,63,0,3
BRDA:501,63,1,3
BRDA:504,64,0,0
BRDA:504,64,1,0
BRDA:506,65,0,0
BRDA:506,65,1,0
BRDA:506,66,0,0
BRDA:506,66,1,0
BRDA:506,66,2,0
BRDA:513,67,0,0
BRDA:513,67,1,0
BRDA:513,68,0,0
BRDA:513,68,1,0
BRDA:516,69,0,0
BRDA:516,69,1,0
BRDA:519,70,0,0
BRDA:519,70,1,0
BRDA:525,71,0,0
BRDA:525,71,1,0
BRDA:525,72,0,0
BRDA:525,72,1,0
BRDA:553,73,0,1
BRDA:553,73,1,3
BRDA:559,74,0,0
BRDA:559,74,1,3
BRDA:571,75,0,0
BRDA:571,75,1,3
BRDA:580,76,0,3
BRDA:580,76,1,0
BRDA:589,77,0,0
BRDA:589,77,1,0
BRDA:589,78,0,0
BRDA:589,78,1,0
BRDA:590,79,0,0
BRDA:590,79,1,0
BRDA:590,80,0,0
BRDA:590,80,1,0
BRDA:595,81,0,0
BRDA:595,81,1,0
BRDA:595,82,0,0
BRDA:595,82,1,0
BRDA:595,82,2,0
BRDA:595,82,3,0
BRDA:595,82,4,0
BRDA:595,82,5,0
BRDA:600,83,0,0
BRDA:600,83,1,0
BRDA:600,84,0,0
BRDA:600,84,1,0
BRDA:606,85,0,0
BRDA:606,85,1,0
BRDA:606,86,0,0
BRDA:606,86,1,0
BRDA:609,87,0,0
BRDA:609,87,1,0
BRDA:613,88,0,0
BRDA:613,88,1,0
BRDA:622,89,0,0
BRDA:622,89,1,0
BRDA:626,90,0,0
BRDA:626,90,1,0
BRF:187
BRH:90
end_of_record
